[ 2016-10-30T22:10:08+08:00 ] 127.0.0.1 /index.php
INFO: [ app_init ] --START--
INFO: Run Behavior\BuildLiteBehavior [ RunTime:0.000011s ]
INFO: [ app_init ] --END-- [ RunTime:0.000338s ]
INFO: [ app_begin ] --START--
INFO: Run Behavior\ReadHtmlCacheBehavior [ RunTime:0.016219s ]
INFO: [ app_begin ] --END-- [ RunTime:0.016264s ]
INFO: [ view_parse ] --START--
INFO: Run Behavior\ParseTemplateBehavior [ RunTime:0.026459s ]
INFO: [ view_parse ] --END-- [ RunTime:0.026592s ]
INFO: [ view_filter ] --START--
INFO: Run Behavior\WriteHtmlCacheBehavior [ RunTime:0.022785s ]
INFO: [ view_filter ] --END-- [ RunTime:0.022824s ]
INFO: [ app_end ] --START--
INFO: Run Behavior\ShowPageTraceBehavior [ RunTime:0.022154s ]
INFO: [ app_end ] --END-- [ RunTime:0.022208s ]

[ 2016-10-30T22:10:17+08:00 ] 127.0.0.1 /Home/Login
INFO: [ app_init ] --START--
INFO: Run Behavior\BuildLiteBehavior [ RunTime:0.000009s ]
INFO: [ app_init ] --END-- [ RunTime:0.000289s ]
INFO: [ app_begin ] --START--
INFO: Run Behavior\ReadHtmlCacheBehavior [ RunTime:0.000398s ]
INFO: [ app_begin ] --END-- [ RunTime:0.000432s ]
INFO: [ view_parse ] --START--
INFO: [ template_filter ] --START--
INFO: Run Behavior\ContentReplaceBehavior [ RunTime:0.087788s ]
INFO: [ template_filter ] --END-- [ RunTime:0.087865s ]
INFO: Run Behavior\ParseTemplateBehavior [ RunTime:0.197524s ]
INFO: [ view_parse ] --END-- [ RunTime:0.197600s ]
INFO: [ view_filter ] --START--
INFO: Run Behavior\WriteHtmlCacheBehavior [ RunTime:0.000305s ]
INFO: [ view_filter ] --END-- [ RunTime:0.000339s ]
INFO: [ app_end ] --START--
INFO: Run Behavior\ShowPageTraceBehavior [ RunTime:0.000391s ]
INFO: [ app_end ] --END-- [ RunTime:0.000428s ]

[ 2016-10-30T22:10:18+08:00 ] 127.0.0.1 /Home/lib/bootstrap/js/bootstrap.js
INFO: [ app_init ] --START--
INFO: Run Behavior\BuildLiteBehavior [ RunTime:0.000010s ]
INFO: [ app_init ] --END-- [ RunTime:0.000332s ]
INFO: [ app_begin ] --START--
INFO: Run Behavior\ReadHtmlCacheBehavior [ RunTime:0.000446s ]
INFO: [ app_begin ] --END-- [ RunTime:0.000481s ]
ERR: 无法加载控制器:Lib

[ 2016-10-30T22:10:27+08:00 ] 127.0.0.1 /Home/Login/loginsubmit
INFO: [ app_init ] --START--
INFO: Run Behavior\BuildLiteBehavior [ RunTime:0.000011s ]
INFO: [ app_init ] --END-- [ RunTime:0.000255s ]
INFO: [ app_begin ] --START--
INFO: Run Behavior\ReadHtmlCacheBehavior [ RunTime:0.000649s ]
INFO: [ app_begin ] --END-- [ RunTime:0.000703s ]
SQL: SHOW COLUMNS FROM `user` [ RunTime:0.0627s ]
SQL: SELECT * FROM `user` WHERE `username` = 'admin' AND `password` = '202cb962ac59075b964b07152d234b70'  [ RunTime:0.0017s ]
INFO: [ view_parse ] --START--
INFO: [ template_filter ] --START--
INFO: Run Behavior\ContentReplaceBehavior [ RunTime:0.000034s ]
INFO: [ template_filter ] --END-- [ RunTime:0.000089s ]
INFO: Run Behavior\ParseTemplateBehavior [ RunTime:0.023404s ]
INFO: [ view_parse ] --END-- [ RunTime:0.023454s ]
INFO: [ view_filter ] --START--
INFO: Run Behavior\WriteHtmlCacheBehavior [ RunTime:0.000258s ]
INFO: [ view_filter ] --END-- [ RunTime:0.000286s ]
INFO: [ app_end ] --START--
INFO: Run Behavior\ShowPageTraceBehavior [ RunTime:0.000391s ]
INFO: [ app_end ] --END-- [ RunTime:0.000419s ]

[ 2016-10-30T22:10:29+08:00 ] 127.0.0.1 /Home/User/index
INFO: [ app_init ] --START--
INFO: Run Behavior\BuildLiteBehavior [ RunTime:0.000010s ]
INFO: [ app_init ] --END-- [ RunTime:0.000368s ]
INFO: [ app_begin ] --START--
INFO: Run Behavior\ReadHtmlCacheBehavior [ RunTime:0.000366s ]
INFO: [ app_begin ] --END-- [ RunTime:0.000409s ]
SQL: SHOW COLUMNS FROM `user` [ RunTime:0.0063s ]
SQL: SELECT * FROM `user` WHERE `id` = 1 LIMIT 1   [ RunTime:0.0012s ]
SQL: SELECT * FROM `user`  [ RunTime:0.0012s ]
INFO: [ view_parse ] --START--
INFO: [ template_filter ] --START--
INFO: Run Behavior\ContentReplaceBehavior [ RunTime:0.000148s ]
INFO: [ template_filter ] --END-- [ RunTime:0.000188s ]
NOTIC: [8] Undefined variable: num D:\project\php\house\Application\Runtime\Cache\Home\091b7bb6d47d453e638e7dd92829fced.php 第 119 行.
NOTIC: [8] Undefined variable: num D:\project\php\house\Application\Runtime\Cache\Home\091b7bb6d47d453e638e7dd92829fced.php 第 119 行.
NOTIC: [8] Undefined variable: num D:\project\php\house\Application\Runtime\Cache\Home\091b7bb6d47d453e638e7dd92829fced.php 第 119 行.
NOTIC: [8] Undefined variable: num D:\project\php\house\Application\Runtime\Cache\Home\091b7bb6d47d453e638e7dd92829fced.php 第 119 行.
NOTIC: [8] Undefined variable: page D:\project\php\house\Application\Runtime\Cache\Home\091b7bb6d47d453e638e7dd92829fced.php 第 128 行.
INFO: Run Behavior\ParseTemplateBehavior [ RunTime:0.089995s ]
INFO: [ view_parse ] --END-- [ RunTime:0.090034s ]
INFO: [ view_filter ] --START--
INFO: Run Behavior\WriteHtmlCacheBehavior [ RunTime:0.000266s ]
INFO: [ view_filter ] --END-- [ RunTime:0.000292s ]
INFO: [ app_end ] --START--
INFO: Run Behavior\ShowPageTraceBehavior [ RunTime:0.000310s ]
INFO: [ app_end ] --END-- [ RunTime:0.000338s ]

[ 2016-10-30T22:10:35+08:00 ] 127.0.0.1 /Home/Input/houseDataIndex
INFO: [ app_init ] --START--
INFO: Run Behavior\BuildLiteBehavior [ RunTime:0.000010s ]
INFO: [ app_init ] --END-- [ RunTime:0.000245s ]
INFO: [ app_begin ] --START--
INFO: Run Behavior\ReadHtmlCacheBehavior [ RunTime:0.000483s ]
INFO: [ app_begin ] --END-- [ RunTime:0.000519s ]
SQL: SHOW COLUMNS FROM `user` [ RunTime:0.0078s ]
SQL: SELECT * FROM `user` WHERE `id` = 1 LIMIT 1   [ RunTime:0.0010s ]
SQL: SHOW COLUMNS FROM `house_history` [ RunTime:0.0072s ]
SQL: SELECT COUNT(id) AS tp_count FROM `house_history` WHERE `house_id` = 0 LIMIT 1   [ RunTime:0.0012s ]
SQL: SELECT house_history.*,user.username FROM `house_history` INNER JOIN user on house_history.create_user = user.id  WHERE `house_id` = '' ORDER BY id desc LIMIT 0,10   [ RunTime:0.0008s ]
INFO: [ view_parse ] --START--
INFO: [ template_filter ] --START--
INFO: Run Behavior\ContentReplaceBehavior [ RunTime:0.000070s ]
INFO: [ template_filter ] --END-- [ RunTime:0.000108s ]
NOTIC: [8] Undefined variable: house D:\project\php\house\Application\Runtime\Cache\Home\8146b353b96c7c9da635f1f4f9b6b83b.php 第 155 行.
NOTIC: [8] Undefined variable: house D:\project\php\house\Application\Runtime\Cache\Home\8146b353b96c7c9da635f1f4f9b6b83b.php 第 159 行.
NOTIC: [8] Undefined variable: house D:\project\php\house\Application\Runtime\Cache\Home\8146b353b96c7c9da635f1f4f9b6b83b.php 第 167 行.
NOTIC: [8] Undefined variable: house D:\project\php\house\Application\Runtime\Cache\Home\8146b353b96c7c9da635f1f4f9b6b83b.php 第 171 行.
NOTIC: [8] Undefined variable: house D:\project\php\house\Application\Runtime\Cache\Home\8146b353b96c7c9da635f1f4f9b6b83b.php 第 173 行.
NOTIC: [8] Undefined variable: house D:\project\php\house\Application\Runtime\Cache\Home\8146b353b96c7c9da635f1f4f9b6b83b.php 第 174 行.
NOTIC: [8] Undefined variable: house D:\project\php\house\Application\Runtime\Cache\Home\8146b353b96c7c9da635f1f4f9b6b83b.php 第 175 行.
INFO: Run Behavior\ParseTemplateBehavior [ RunTime:0.022666s ]
INFO: [ view_parse ] --END-- [ RunTime:0.022703s ]
INFO: [ view_filter ] --START--
INFO: Run Behavior\WriteHtmlCacheBehavior [ RunTime:0.000450s ]
INFO: [ view_filter ] --END-- [ RunTime:0.000477s ]
INFO: [ app_end ] --START--
INFO: Run Behavior\ShowPageTraceBehavior [ RunTime:0.000439s ]
INFO: [ app_end ] --END-- [ RunTime:0.000468s ]

[ 2016-10-30T22:10:38+08:00 ] 127.0.0.1 /Home/Input/customerDataIndex
INFO: [ app_init ] --START--
INFO: Run Behavior\BuildLiteBehavior [ RunTime:0.000009s ]
INFO: [ app_init ] --END-- [ RunTime:0.000326s ]
INFO: [ app_begin ] --START--
INFO: Run Behavior\ReadHtmlCacheBehavior [ RunTime:0.000306s ]
INFO: [ app_begin ] --END-- [ RunTime:0.000340s ]
SQL: SHOW COLUMNS FROM `user` [ RunTime:0.0173s ]
SQL: SELECT * FROM `user` WHERE `id` = 1 LIMIT 1   [ RunTime:0.0018s ]
INFO: [ view_parse ] --START--
INFO: [ template_filter ] --START--
INFO: Run Behavior\ContentReplaceBehavior [ RunTime:0.000055s ]
INFO: [ template_filter ] --END-- [ RunTime:0.000093s ]
NOTIC: [8] Undefined variable: customer D:\project\php\house\Application\Runtime\Cache\Home\6b56136bcc65e8511cad07bcf9d28e6c.php 第 155 行.
NOTIC: [8] Undefined variable: customer D:\project\php\house\Application\Runtime\Cache\Home\6b56136bcc65e8511cad07bcf9d28e6c.php 第 159 行.
NOTIC: [8] Undefined variable: customer D:\project\php\house\Application\Runtime\Cache\Home\6b56136bcc65e8511cad07bcf9d28e6c.php 第 167 行.
NOTIC: [8] Undefined variable: customer D:\project\php\house\Application\Runtime\Cache\Home\6b56136bcc65e8511cad07bcf9d28e6c.php 第 171 行.
NOTIC: [8] Undefined variable: customer D:\project\php\house\Application\Runtime\Cache\Home\6b56136bcc65e8511cad07bcf9d28e6c.php 第 173 行.
NOTIC: [8] Undefined variable: customer D:\project\php\house\Application\Runtime\Cache\Home\6b56136bcc65e8511cad07bcf9d28e6c.php 第 174 行.
INFO: Run Behavior\ParseTemplateBehavior [ RunTime:0.054516s ]
INFO: [ view_parse ] --END-- [ RunTime:0.054564s ]
INFO: [ view_filter ] --START--
INFO: Run Behavior\WriteHtmlCacheBehavior [ RunTime:0.000176s ]
INFO: [ view_filter ] --END-- [ RunTime:0.000203s ]
INFO: [ app_end ] --START--
INFO: Run Behavior\ShowPageTraceBehavior [ RunTime:0.000324s ]
INFO: [ app_end ] --END-- [ RunTime:0.000354s ]

[ 2016-10-30T22:10:40+08:00 ] 127.0.0.1 /Home/Input/houseDataList
INFO: [ app_init ] --START--
INFO: Run Behavior\BuildLiteBehavior [ RunTime:0.000010s ]
INFO: [ app_init ] --END-- [ RunTime:0.000401s ]
INFO: [ app_begin ] --START--
INFO: Run Behavior\ReadHtmlCacheBehavior [ RunTime:0.000334s ]
INFO: [ app_begin ] --END-- [ RunTime:0.000370s ]
SQL: SHOW COLUMNS FROM `user` [ RunTime:0.0818s ]
SQL: SELECT * FROM `user` WHERE `id` = 1 LIMIT 1   [ RunTime:0.0016s ]
SQL: SHOW COLUMNS FROM `house` [ RunTime:0.0423s ]
SQL: SELECT COUNT(id) AS tp_count FROM `house` LIMIT 1   [ RunTime:0.0019s ]
SQL: SELECT house.*,user.username FROM `house` INNER JOIN user on house.create_user = user.id  ORDER BY id desc LIMIT 0,10   [ RunTime:0.0020s ]
INFO: [ view_parse ] --START--
INFO: [ template_filter ] --START--
INFO: Run Behavior\ContentReplaceBehavior [ RunTime:0.000047s ]
INFO: [ template_filter ] --END-- [ RunTime:0.000084s ]
INFO: Run Behavior\ParseTemplateBehavior [ RunTime:0.026492s ]
INFO: [ view_parse ] --END-- [ RunTime:0.026538s ]
INFO: [ view_filter ] --START--
INFO: Run Behavior\WriteHtmlCacheBehavior [ RunTime:0.000163s ]
INFO: [ view_filter ] --END-- [ RunTime:0.000188s ]
INFO: [ app_end ] --START--
INFO: Run Behavior\ShowPageTraceBehavior [ RunTime:0.000311s ]
INFO: [ app_end ] --END-- [ RunTime:0.000339s ]

[ 2016-10-30T22:10:42+08:00 ] 127.0.0.1 /Home/Input/customerDataList
INFO: [ app_init ] --START--
INFO: Run Behavior\BuildLiteBehavior [ RunTime:0.000034s ]
INFO: [ app_init ] --END-- [ RunTime:0.000604s ]
INFO: [ app_begin ] --START--
INFO: Run Behavior\ReadHtmlCacheBehavior [ RunTime:0.000393s ]
INFO: [ app_begin ] --END-- [ RunTime:0.000440s ]
SQL: SHOW COLUMNS FROM `user` [ RunTime:0.0519s ]
SQL: SELECT * FROM `user` WHERE `id` = 1 LIMIT 1   [ RunTime:0.0042s ]
SQL: SHOW COLUMNS FROM `customer` [ RunTime:0.0075s ]
SQL: SELECT COUNT(id) AS tp_count FROM `customer` LIMIT 1   [ RunTime:0.0019s ]
SQL: SELECT customer.*,user.username FROM `customer` INNER JOIN user on customer.create_user = user.id  ORDER BY id desc LIMIT 0,10   [ RunTime:0.0013s ]
INFO: [ view_parse ] --START--
INFO: [ template_filter ] --START--
INFO: Run Behavior\ContentReplaceBehavior [ RunTime:0.000077s ]
INFO: [ template_filter ] --END-- [ RunTime:0.000117s ]
INFO: Run Behavior\ParseTemplateBehavior [ RunTime:0.027046s ]
INFO: [ view_parse ] --END-- [ RunTime:0.027088s ]
INFO: [ view_filter ] --START--
INFO: Run Behavior\WriteHtmlCacheBehavior [ RunTime:0.000404s ]
INFO: [ view_filter ] --END-- [ RunTime:0.000432s ]
INFO: [ app_end ] --START--
INFO: Run Behavior\ShowPageTraceBehavior [ RunTime:0.000525s ]
INFO: [ app_end ] --END-- [ RunTime:0.000572s ]

[ 2016-10-30T22:10:44+08:00 ] 127.0.0.1 /Home/Input/houseDataIndex
INFO: [ app_init ] --START--
INFO: Run Behavior\BuildLiteBehavior [ RunTime:0.000009s ]
INFO: [ app_init ] --END-- [ RunTime:0.000282s ]
INFO: [ app_begin ] --START--
INFO: Run Behavior\ReadHtmlCacheBehavior [ RunTime:0.000383s ]
INFO: [ app_begin ] --END-- [ RunTime:0.000439s ]
SQL: SHOW COLUMNS FROM `user` [ RunTime:0.0067s ]
SQL: SELECT * FROM `user` WHERE `id` = 1 LIMIT 1   [ RunTime:0.0018s ]
SQL: SHOW COLUMNS FROM `house_history` [ RunTime:0.0068s ]
SQL: SELECT COUNT(id) AS tp_count FROM `house_history` WHERE `house_id` = 0 LIMIT 1   [ RunTime:0.0018s ]
SQL: SELECT house_history.*,user.username FROM `house_history` INNER JOIN user on house_history.create_user = user.id  WHERE `house_id` = '' ORDER BY id desc LIMIT 0,10   [ RunTime:0.0016s ]
INFO: [ view_parse ] --START--
INFO: [ template_filter ] --START--
INFO: Run Behavior\ContentReplaceBehavior [ RunTime:0.000057s ]
INFO: [ template_filter ] --END-- [ RunTime:0.000092s ]
NOTIC: [8] Undefined variable: house D:\project\php\house\Application\Runtime\Cache\Home\8146b353b96c7c9da635f1f4f9b6b83b.php 第 155 行.
NOTIC: [8] Undefined variable: house D:\project\php\house\Application\Runtime\Cache\Home\8146b353b96c7c9da635f1f4f9b6b83b.php 第 159 行.
NOTIC: [8] Undefined variable: house D:\project\php\house\Application\Runtime\Cache\Home\8146b353b96c7c9da635f1f4f9b6b83b.php 第 167 行.
NOTIC: [8] Undefined variable: house D:\project\php\house\Application\Runtime\Cache\Home\8146b353b96c7c9da635f1f4f9b6b83b.php 第 171 行.
NOTIC: [8] Undefined variable: house D:\project\php\house\Application\Runtime\Cache\Home\8146b353b96c7c9da635f1f4f9b6b83b.php 第 173 行.
NOTIC: [8] Undefined variable: house D:\project\php\house\Application\Runtime\Cache\Home\8146b353b96c7c9da635f1f4f9b6b83b.php 第 174 行.
NOTIC: [8] Undefined variable: house D:\project\php\house\Application\Runtime\Cache\Home\8146b353b96c7c9da635f1f4f9b6b83b.php 第 175 行.
INFO: Run Behavior\ParseTemplateBehavior [ RunTime:0.008303s ]
INFO: [ view_parse ] --END-- [ RunTime:0.008355s ]
INFO: [ view_filter ] --START--
INFO: Run Behavior\WriteHtmlCacheBehavior [ RunTime:0.000323s ]
INFO: [ view_filter ] --END-- [ RunTime:0.000370s ]
INFO: [ app_end ] --START--
INFO: Run Behavior\ShowPageTraceBehavior [ RunTime:0.000741s ]
INFO: [ app_end ] --END-- [ RunTime:0.000786s ]

[ 2016-10-30T22:10:46+08:00 ] 127.0.0.1 /Home/User/index
INFO: [ app_init ] --START--
INFO: Run Behavior\BuildLiteBehavior [ RunTime:0.000010s ]
INFO: [ app_init ] --END-- [ RunTime:0.000252s ]
INFO: [ app_begin ] --START--
INFO: Run Behavior\ReadHtmlCacheBehavior [ RunTime:0.000350s ]
INFO: [ app_begin ] --END-- [ RunTime:0.000386s ]
SQL: SHOW COLUMNS FROM `user` [ RunTime:0.0104s ]
SQL: SELECT * FROM `user` WHERE `id` = 1 LIMIT 1   [ RunTime:0.0018s ]
SQL: SELECT * FROM `user`  [ RunTime:0.0013s ]
INFO: [ view_parse ] --START--
INFO: [ template_filter ] --START--
INFO: Run Behavior\ContentReplaceBehavior [ RunTime:0.000045s ]
INFO: [ template_filter ] --END-- [ RunTime:0.000079s ]
NOTIC: [8] Undefined variable: num D:\project\php\house\Application\Runtime\Cache\Home\091b7bb6d47d453e638e7dd92829fced.php 第 119 行.
NOTIC: [8] Undefined variable: num D:\project\php\house\Application\Runtime\Cache\Home\091b7bb6d47d453e638e7dd92829fced.php 第 119 行.
NOTIC: [8] Undefined variable: num D:\project\php\house\Application\Runtime\Cache\Home\091b7bb6d47d453e638e7dd92829fced.php 第 119 行.
NOTIC: [8] Undefined variable: num D:\project\php\house\Application\Runtime\Cache\Home\091b7bb6d47d453e638e7dd92829fced.php 第 119 行.
NOTIC: [8] Undefined variable: page D:\project\php\house\Application\Runtime\Cache\Home\091b7bb6d47d453e638e7dd92829fced.php 第 128 行.
INFO: Run Behavior\ParseTemplateBehavior [ RunTime:0.008252s ]
INFO: [ view_parse ] --END-- [ RunTime:0.008291s ]
INFO: [ view_filter ] --START--
INFO: Run Behavior\WriteHtmlCacheBehavior [ RunTime:0.000380s ]
INFO: [ view_filter ] --END-- [ RunTime:0.000407s ]
INFO: [ app_end ] --START--
INFO: Run Behavior\ShowPageTraceBehavior [ RunTime:0.000450s ]
INFO: [ app_end ] --END-- [ RunTime:0.000481s ]

[ 2016-10-30T22:13:40+08:00 ] 127.0.0.1 /Home/User/index
INFO: [ app_init ] --START--
INFO: Run Behavior\BuildLiteBehavior [ RunTime:0.000011s ]
INFO: [ app_init ] --END-- [ RunTime:0.000316s ]
INFO: [ app_begin ] --START--
INFO: Run Behavior\ReadHtmlCacheBehavior [ RunTime:0.000476s ]
INFO: [ app_begin ] --END-- [ RunTime:0.000526s ]
SQL: SHOW COLUMNS FROM `user` [ RunTime:0.0066s ]
SQL: SELECT * FROM `user` WHERE `id` = 1 LIMIT 1   [ RunTime:0.0012s ]
SQL: SELECT * FROM `user`  [ RunTime:0.0014s ]
INFO: [ view_parse ] --START--
INFO: [ template_filter ] --START--
INFO: Run Behavior\ContentReplaceBehavior [ RunTime:0.000083s ]
INFO: [ template_filter ] --END-- [ RunTime:0.000155s ]
NOTIC: [8] Undefined variable: num D:\project\php\house\Application\Runtime\Cache\Home\091b7bb6d47d453e638e7dd92829fced.php 第 119 行.
NOTIC: [8] Undefined variable: num D:\project\php\house\Application\Runtime\Cache\Home\091b7bb6d47d453e638e7dd92829fced.php 第 119 行.
NOTIC: [8] Undefined variable: num D:\project\php\house\Application\Runtime\Cache\Home\091b7bb6d47d453e638e7dd92829fced.php 第 119 行.
NOTIC: [8] Undefined variable: num D:\project\php\house\Application\Runtime\Cache\Home\091b7bb6d47d453e638e7dd92829fced.php 第 119 行.
NOTIC: [8] Undefined variable: num D:\project\php\house\Application\Runtime\Cache\Home\091b7bb6d47d453e638e7dd92829fced.php 第 119 行.
NOTIC: [8] Undefined variable: num D:\project\php\house\Application\Runtime\Cache\Home\091b7bb6d47d453e638e7dd92829fced.php 第 119 行.
NOTIC: [8] Undefined variable: num D:\project\php\house\Application\Runtime\Cache\Home\091b7bb6d47d453e638e7dd92829fced.php 第 119 行.
NOTIC: [8] Undefined variable: num D:\project\php\house\Application\Runtime\Cache\Home\091b7bb6d47d453e638e7dd92829fced.php 第 119 行.
NOTIC: [8] Undefined variable: num D:\project\php\house\Application\Runtime\Cache\Home\091b7bb6d47d453e638e7dd92829fced.php 第 119 行.
NOTIC: [8] Undefined variable: num D:\project\php\house\Application\Runtime\Cache\Home\091b7bb6d47d453e638e7dd92829fced.php 第 119 行.
NOTIC: [8] Undefined variable: num D:\project\php\house\Application\Runtime\Cache\Home\091b7bb6d47d453e638e7dd92829fced.php 第 119 行.
NOTIC: [8] Undefined variable: num D:\project\php\house\Application\Runtime\Cache\Home\091b7bb6d47d453e638e7dd92829fced.php 第 119 行.
NOTIC: [8] Undefined variable: num D:\project\php\house\Application\Runtime\Cache\Home\091b7bb6d47d453e638e7dd92829fced.php 第 119 行.
NOTIC: [8] Undefined variable: num D:\project\php\house\Application\Runtime\Cache\Home\091b7bb6d47d453e638e7dd92829fced.php 第 119 行.
NOTIC: [8] Undefined variable: num D:\project\php\house\Application\Runtime\Cache\Home\091b7bb6d47d453e638e7dd92829fced.php 第 119 行.
NOTIC: [8] Undefined variable: num D:\project\php\house\Application\Runtime\Cache\Home\091b7bb6d47d453e638e7dd92829fced.php 第 119 行.
NOTIC: [8] Undefined variable: num D:\project\php\house\Application\Runtime\Cache\Home\091b7bb6d47d453e638e7dd92829fced.php 第 119 行.
NOTIC: [8] Undefined variable: num D:\project\php\house\Application\Runtime\Cache\Home\091b7bb6d47d453e638e7dd92829fced.php 第 119 行.
NOTIC: [8] Undefined variable: num D:\project\php\house\Application\Runtime\Cache\Home\091b7bb6d47d453e638e7dd92829fced.php 第 119 行.
NOTIC: [8] Undefined variable: num D:\project\php\house\Application\Runtime\Cache\Home\091b7bb6d47d453e638e7dd92829fced.php 第 119 行.
NOTIC: [8] Undefined variable: num D:\project\php\house\Application\Runtime\Cache\Home\091b7bb6d47d453e638e7dd92829fced.php 第 119 行.
NOTIC: [8] Undefined variable: num D:\project\php\house\Application\Runtime\Cache\Home\091b7bb6d47d453e638e7dd92829fced.php 第 119 行.
NOTIC: [8] Undefined variable: num D:\project\php\house\Application\Runtime\Cache\Home\091b7bb6d47d453e638e7dd92829fced.php 第 119 行.
NOTIC: [8] Undefined variable: num D:\project\php\house\Application\Runtime\Cache\Home\091b7bb6d47d453e638e7dd92829fced.php 第 119 行.
NOTIC: [8] Undefined variable: num D:\project\php\house\Application\Runtime\Cache\Home\091b7bb6d47d453e638e7dd92829fced.php 第 119 行.
NOTIC: [8] Undefined variable: num D:\project\php\house\Application\Runtime\Cache\Home\091b7bb6d47d453e638e7dd92829fced.php 第 119 行.
NOTIC: [8] Undefined variable: num D:\project\php\house\Application\Runtime\Cache\Home\091b7bb6d47d453e638e7dd92829fced.php 第 119 行.
NOTIC: [8] Undefined variable: num D:\project\php\house\Application\Runtime\Cache\Home\091b7bb6d47d453e638e7dd92829fced.php 第 119 行.
NOTIC: [8] Undefined variable: num D:\project\php\house\Application\Runtime\Cache\Home\091b7bb6d47d453e638e7dd92829fced.php 第 119 行.
NOTIC: [8] Undefined variable: num D:\project\php\house\Application\Runtime\Cache\Home\091b7bb6d47d453e638e7dd92829fced.php 第 119 行.
NOTIC: [8] Undefined variable: num D:\project\php\house\Application\Runtime\Cache\Home\091b7bb6d47d453e638e7dd92829fced.php 第 119 行.
NOTIC: [8] Undefined variable: num D:\project\php\house\Application\Runtime\Cache\Home\091b7bb6d47d453e638e7dd92829fced.php 第 119 行.
NOTIC: [8] Undefined variable: num D:\project\php\house\Application\Runtime\Cache\Home\091b7bb6d47d453e638e7dd92829fced.php 第 119 行.
NOTIC: [8] Undefined variable: num D:\project\php\house\Application\Runtime\Cache\Home\091b7bb6d47d453e638e7dd92829fced.php 第 119 行.
NOTIC: [8] Undefined variable: num D:\project\php\house\Application\Runtime\Cache\Home\091b7bb6d47d453e638e7dd92829fced.php 第 119 行.
NOTIC: [8] Undefined variable: num D:\project\php\house\Application\Runtime\Cache\Home\091b7bb6d47d453e638e7dd92829fced.php 第 119 行.
NOTIC: [8] Undefined variable: num D:\project\php\house\Application\Runtime\Cache\Home\091b7bb6d47d453e638e7dd92829fced.php 第 119 行.
NOTIC: [8] Undefined variable: num D:\project\php\house\Application\Runtime\Cache\Home\091b7bb6d47d453e638e7dd92829fced.php 第 119 行.
NOTIC: [8] Undefined variable: num D:\project\php\house\Application\Runtime\Cache\Home\091b7bb6d47d453e638e7dd92829fced.php 第 119 行.
NOTIC: [8] Undefined variable: num D:\project\php\house\Application\Runtime\Cache\Home\091b7bb6d47d453e638e7dd92829fced.php 第 119 行.
NOTIC: [8] Undefined variable: num D:\project\php\house\Application\Runtime\Cache\Home\091b7bb6d47d453e638e7dd92829fced.php 第 119 行.
NOTIC: [8] Undefined variable: num D:\project\php\house\Application\Runtime\Cache\Home\091b7bb6d47d453e638e7dd92829fced.php 第 119 行.
NOTIC: [8] Undefined variable: num D:\project\php\house\Application\Runtime\Cache\Home\091b7bb6d47d453e638e7dd92829fced.php 第 119 行.
NOTIC: [8] Undefined variable: num D:\project\php\house\Application\Runtime\Cache\Home\091b7bb6d47d453e638e7dd92829fced.php 第 119 行.
NOTIC: [8] Undefined variable: num D:\project\php\house\Application\Runtime\Cache\Home\091b7bb6d47d453e638e7dd92829fced.php 第 119 行.
NOTIC: [8] Undefined variable: num D:\project\php\house\Application\Runtime\Cache\Home\091b7bb6d47d453e638e7dd92829fced.php 第 119 行.
NOTIC: [8] Undefined variable: num D:\project\php\house\Application\Runtime\Cache\Home\091b7bb6d47d453e638e7dd92829fced.php 第 119 行.
NOTIC: [8] Undefined variable: num D:\project\php\house\Application\Runtime\Cache\Home\091b7bb6d47d453e638e7dd92829fced.php 第 119 行.
NOTIC: [8] Undefined variable: num D:\project\php\house\Application\Runtime\Cache\Home\091b7bb6d47d453e638e7dd92829fced.php 第 119 行.
NOTIC: [8] Undefined variable: num D:\project\php\house\Application\Runtime\Cache\Home\091b7bb6d47d453e638e7dd92829fced.php 第 119 行.
NOTIC: [8] Undefined variable: num D:\project\php\house\Application\Runtime\Cache\Home\091b7bb6d47d453e638e7dd92829fced.php 第 119 行.
NOTIC: [8] Undefined variable: num D:\project\php\house\Application\Runtime\Cache\Home\091b7bb6d47d453e638e7dd92829fced.php 第 119 行.
NOTIC: [8] Undefined variable: num D:\project\php\house\Application\Runtime\Cache\Home\091b7bb6d47d453e638e7dd92829fced.php 第 119 行.
NOTIC: [8] Undefined variable: num D:\project\php\house\Application\Runtime\Cache\Home\091b7bb6d47d453e638e7dd92829fced.php 第 119 行.
NOTIC: [8] Undefined variable: num D:\project\php\house\Application\Runtime\Cache\Home\091b7bb6d47d453e638e7dd92829fced.php 第 119 行.
NOTIC: [8] Undefined variable: num D:\project\php\house\Application\Runtime\Cache\Home\091b7bb6d47d453e638e7dd92829fced.php 第 119 行.
NOTIC: [8] Undefined variable: num D:\project\php\house\Application\Runtime\Cache\Home\091b7bb6d47d453e638e7dd92829fced.php 第 119 行.
NOTIC: [8] Undefined variable: num D:\project\php\house\Application\Runtime\Cache\Home\091b7bb6d47d453e638e7dd92829fced.php 第 119 行.
NOTIC: [8] Undefined variable: num D:\project\php\house\Application\Runtime\Cache\Home\091b7bb6d47d453e638e7dd92829fced.php 第 119 行.
NOTIC: [8] Undefined variable: num D:\project\php\house\Application\Runtime\Cache\Home\091b7bb6d47d453e638e7dd92829fced.php 第 119 行.
NOTIC: [8] Undefined variable: num D:\project\php\house\Application\Runtime\Cache\Home\091b7bb6d47d453e638e7dd92829fced.php 第 119 行.
NOTIC: [8] Undefined variable: num D:\project\php\house\Application\Runtime\Cache\Home\091b7bb6d47d453e638e7dd92829fced.php 第 119 行.
NOTIC: [8] Undefined variable: num D:\project\php\house\Application\Runtime\Cache\Home\091b7bb6d47d453e638e7dd92829fced.php 第 119 行.
NOTIC: [8] Undefined variable: num D:\project\php\house\Application\Runtime\Cache\Home\091b7bb6d47d453e638e7dd92829fced.php 第 119 行.
NOTIC: [8] Undefined variable: num D:\project\php\house\Application\Runtime\Cache\Home\091b7bb6d47d453e638e7dd92829fced.php 第 119 行.
NOTIC: [8] Undefined variable: num D:\project\php\house\Application\Runtime\Cache\Home\091b7bb6d47d453e638e7dd92829fced.php 第 119 行.
NOTIC: [8] Undefined variable: num D:\project\php\house\Application\Runtime\Cache\Home\091b7bb6d47d453e638e7dd92829fced.php 第 119 行.
NOTIC: [8] Undefined variable: num D:\project\php\house\Application\Runtime\Cache\Home\091b7bb6d47d453e638e7dd92829fced.php 第 119 行.
NOTIC: [8] Undefined variable: num D:\project\php\house\Application\Runtime\Cache\Home\091b7bb6d47d453e638e7dd92829fced.php 第 119 行.
NOTIC: [8] Undefined variable: num D:\project\php\house\Application\Runtime\Cache\Home\091b7bb6d47d453e638e7dd92829fced.php 第 119 行.
NOTIC: [8] Undefined variable: num D:\project\php\house\Application\Runtime\Cache\Home\091b7bb6d47d453e638e7dd92829fced.php 第 119 行.
NOTIC: [8] Undefined variable: num D:\project\php\house\Application\Runtime\Cache\Home\091b7bb6d47d453e638e7dd92829fced.php 第 119 行.
NOTIC: [8] Undefined variable: num D:\project\php\house\Application\Runtime\Cache\Home\091b7bb6d47d453e638e7dd92829fced.php 第 119 行.
NOTIC: [8] Undefined variable: num D:\project\php\house\Application\Runtime\Cache\Home\091b7bb6d47d453e638e7dd92829fced.php 第 119 行.
NOTIC: [8] Undefined variable: num D:\project\php\house\Application\Runtime\Cache\Home\091b7bb6d47d453e638e7dd92829fced.php 第 119 行.
NOTIC: [8] Undefined variable: num D:\project\php\house\Application\Runtime\Cache\Home\091b7bb6d47d453e638e7dd92829fced.php 第 119 行.
NOTIC: [8] Undefined variable: num D:\project\php\house\Application\Runtime\Cache\Home\091b7bb6d47d453e638e7dd92829fced.php 第 119 行.
NOTIC: [8] Undefined variable: num D:\project\php\house\Application\Runtime\Cache\Home\091b7bb6d47d453e638e7dd92829fced.php 第 119 行.
NOTIC: [8] Undefined variable: num D:\project\php\house\Application\Runtime\Cache\Home\091b7bb6d47d453e638e7dd92829fced.php 第 119 行.
NOTIC: [8] Undefined variable: num D:\project\php\house\Application\Runtime\Cache\Home\091b7bb6d47d453e638e7dd92829fced.php 第 119 行.
NOTIC: [8] Undefined variable: num D:\project\php\house\Application\Runtime\Cache\Home\091b7bb6d47d453e638e7dd92829fced.php 第 119 行.
NOTIC: [8] Undefined variable: num D:\project\php\house\Application\Runtime\Cache\Home\091b7bb6d47d453e638e7dd92829fced.php 第 119 行.
NOTIC: [8] Undefined variable: num D:\project\php\house\Application\Runtime\Cache\Home\091b7bb6d47d453e638e7dd92829fced.php 第 119 行.
NOTIC: [8] Undefined variable: num D:\project\php\house\Application\Runtime\Cache\Home\091b7bb6d47d453e638e7dd92829fced.php 第 119 行.
NOTIC: [8] Undefined variable: num D:\project\php\house\Application\Runtime\Cache\Home\091b7bb6d47d453e638e7dd92829fced.php 第 119 行.
NOTIC: [8] Undefined variable: num D:\project\php\house\Application\Runtime\Cache\Home\091b7bb6d47d453e638e7dd92829fced.php 第 119 行.
NOTIC: [8] Undefined variable: num D:\project\php\house\Application\Runtime\Cache\Home\091b7bb6d47d453e638e7dd92829fced.php 第 119 行.
NOTIC: [8] Undefined variable: num D:\project\php\house\Application\Runtime\Cache\Home\091b7bb6d47d453e638e7dd92829fced.php 第 119 行.
NOTIC: [8] Undefined variable: num D:\project\php\house\Application\Runtime\Cache\Home\091b7bb6d47d453e638e7dd92829fced.php 第 119 行.
NOTIC: [8] Undefined variable: num D:\project\php\house\Application\Runtime\Cache\Home\091b7bb6d47d453e638e7dd92829fced.php 第 119 行.
NOTIC: [8] Undefined variable: num D:\project\php\house\Application\Runtime\Cache\Home\091b7bb6d47d453e638e7dd92829fced.php 第 119 行.
NOTIC: [8] Undefined variable: num D:\project\php\house\Application\Runtime\Cache\Home\091b7bb6d47d453e638e7dd92829fced.php 第 119 行.
NOTIC: [8] Undefined variable: num D:\project\php\house\Application\Runtime\Cache\Home\091b7bb6d47d453e638e7dd92829fced.php 第 119 行.
NOTIC: [8] Undefined variable: num D:\project\php\house\Application\Runtime\Cache\Home\091b7bb6d47d453e638e7dd92829fced.php 第 119 行.
NOTIC: [8] Undefined variable: num D:\project\php\house\Application\Runtime\Cache\Home\091b7bb6d47d453e638e7dd92829fced.php 第 119 行.
NOTIC: [8] Undefined variable: num D:\project\php\house\Application\Runtime\Cache\Home\091b7bb6d47d453e638e7dd92829fced.php 第 119 行.
NOTIC: [8] Undefined variable: num D:\project\php\house\Application\Runtime\Cache\Home\091b7bb6d47d453e638e7dd92829fced.php 第 119 行.
NOTIC: [8] Undefined variable: num D:\project\php\house\Application\Runtime\Cache\Home\091b7bb6d47d453e638e7dd92829fced.php 第 119 行.
NOTIC: [8] Undefined variable: num D:\project\php\house\Application\Runtime\Cache\Home\091b7bb6d47d453e638e7dd92829fced.php 第 119 行.
NOTIC: [8] Undefined variable: num D:\project\php\house\Application\Runtime\Cache\Home\091b7bb6d47d453e638e7dd92829fced.php 第 119 行.
NOTIC: [8] Undefined variable: num D:\project\php\house\Application\Runtime\Cache\Home\091b7bb6d47d453e638e7dd92829fced.php 第 119 行.
NOTIC: [8] Undefined variable: num D:\project\php\house\Application\Runtime\Cache\Home\091b7bb6d47d453e638e7dd92829fced.php 第 119 行.
NOTIC: [8] Undefined variable: num D:\project\php\house\Application\Runtime\Cache\Home\091b7bb6d47d453e638e7dd92829fced.php 第 119 行.
NOTIC: [8] Undefined variable: num D:\project\php\house\Application\Runtime\Cache\Home\091b7bb6d47d453e638e7dd92829fced.php 第 119 行.
NOTIC: [8] Undefined variable: num D:\project\php\house\Application\Runtime\Cache\Home\091b7bb6d47d453e638e7dd92829fced.php 第 119 行.
NOTIC: [8] Undefined variable: num D:\project\php\house\Application\Runtime\Cache\Home\091b7bb6d47d453e638e7dd92829fced.php 第 119 行.
NOTIC: [8] Undefined variable: num D:\project\php\house\Application\Runtime\Cache\Home\091b7bb6d47d453e638e7dd92829fced.php 第 119 行.
NOTIC: [8] Undefined variable: num D:\project\php\house\Application\Runtime\Cache\Home\091b7bb6d47d453e638e7dd92829fced.php 第 119 行.
NOTIC: [8] Undefined variable: num D:\project\php\house\Application\Runtime\Cache\Home\091b7bb6d47d453e638e7dd92829fced.php 第 119 行.
NOTIC: [8] Undefined variable: num D:\project\php\house\Application\Runtime\Cache\Home\091b7bb6d47d453e638e7dd92829fced.php 第 119 行.
NOTIC: [8] Undefined variable: num D:\project\php\house\Application\Runtime\Cache\Home\091b7bb6d47d453e638e7dd92829fced.php 第 119 行.
NOTIC: [8] Undefined variable: num D:\project\php\house\Application\Runtime\Cache\Home\091b7bb6d47d453e638e7dd92829fced.php 第 119 行.
NOTIC: [8] Undefined variable: num D:\project\php\house\Application\Runtime\Cache\Home\091b7bb6d47d453e638e7dd92829fced.php 第 119 行.
NOTIC: [8] Undefined variable: num D:\project\php\house\Application\Runtime\Cache\Home\091b7bb6d47d453e638e7dd92829fced.php 第 119 行.
NOTIC: [8] Undefined variable: num D:\project\php\house\Application\Runtime\Cache\Home\091b7bb6d47d453e638e7dd92829fced.php 第 119 行.
NOTIC: [8] Undefined variable: num D:\project\php\house\Application\Runtime\Cache\Home\091b7bb6d47d453e638e7dd92829fced.php 第 119 行.
NOTIC: [8] Undefined variable: num D:\project\php\house\Application\Runtime\Cache\Home\091b7bb6d47d453e638e7dd92829fced.php 第 119 行.
NOTIC: [8] Undefined variable: num D:\project\php\house\Application\Runtime\Cache\Home\091b7bb6d47d453e638e7dd92829fced.php 第 119 行.
NOTIC: [8] Undefined variable: num D:\project\php\house\Application\Runtime\Cache\Home\091b7bb6d47d453e638e7dd92829fced.php 第 119 行.
NOTIC: [8] Undefined variable: num D:\project\php\house\Application\Runtime\Cache\Home\091b7bb6d47d453e638e7dd92829fced.php 第 119 行.
NOTIC: [8] Undefined variable: num D:\project\php\house\Application\Runtime\Cache\Home\091b7bb6d47d453e638e7dd92829fced.php 第 119 行.
NOTIC: [8] Undefined variable: num D:\project\php\house\Application\Runtime\Cache\Home\091b7bb6d47d453e638e7dd92829fced.php 第 119 行.
NOTIC: [8] Undefined variable: num D:\project\php\house\Application\Runtime\Cache\Home\091b7bb6d47d453e638e7dd92829fced.php 第 119 行.
NOTIC: [8] Undefined variable: num D:\project\php\house\Application\Runtime\Cache\Home\091b7bb6d47d453e638e7dd92829fced.php 第 119 行.
NOTIC: [8] Undefined variable: num D:\project\php\house\Application\Runtime\Cache\Home\091b7bb6d47d453e638e7dd92829fced.php 第 119 行.
NOTIC: [8] Undefined variable: num D:\project\php\house\Application\Runtime\Cache\Home\091b7bb6d47d453e638e7dd92829fced.php 第 119 行.
NOTIC: [8] Undefined variable: num D:\project\php\house\Application\Runtime\Cache\Home\091b7bb6d47d453e638e7dd92829fced.php 第 119 行.
NOTIC: [8] Undefined variable: num D:\project\php\house\Application\Runtime\Cache\Home\091b7bb6d47d453e638e7dd92829fced.php 第 119 行.
NOTIC: [8] Undefined variable: page D:\project\php\house\Application\Runtime\Cache\Home\091b7bb6d47d453e638e7dd92829fced.php 第 128 行.
INFO: Run Behavior\ParseTemplateBehavior [ RunTime:0.016658s ]
INFO: [ view_parse ] --END-- [ RunTime:0.016694s ]
INFO: [ view_filter ] --START--
INFO: Run Behavior\WriteHtmlCacheBehavior [ RunTime:0.000364s ]
INFO: [ view_filter ] --END-- [ RunTime:0.000393s ]
INFO: [ app_end ] --START--
INFO: Run Behavior\ShowPageTraceBehavior [ RunTime:0.000570s ]
INFO: [ app_end ] --END-- [ RunTime:0.000607s ]

[ 2016-10-30T22:16:41+08:00 ] 127.0.0.1 /Home/User/index
INFO: [ app_init ] --START--
INFO: Run Behavior\BuildLiteBehavior [ RunTime:0.000011s ]
INFO: [ app_init ] --END-- [ RunTime:0.000372s ]
INFO: [ app_begin ] --START--
INFO: Run Behavior\ReadHtmlCacheBehavior [ RunTime:0.000866s ]
INFO: [ app_begin ] --END-- [ RunTime:0.000930s ]
SQL: SHOW COLUMNS FROM `user` [ RunTime:0.0069s ]
SQL: SELECT * FROM `user` WHERE `id` = 1 LIMIT 1   [ RunTime:0.0018s ]
SQL: SELECT COUNT(*) AS tp_count FROM `user` LIMIT 1   [ RunTime:0.0011s ]
SQL: SELECT * FROM `user` LIMIT 0,10   [ RunTime:0.0009s ]
INFO: [ view_parse ] --START--
INFO: [ template_filter ] --START--
INFO: Run Behavior\ContentReplaceBehavior [ RunTime:0.000049s ]
INFO: [ template_filter ] --END-- [ RunTime:0.000082s ]
NOTIC: [8] Undefined variable: num D:\project\php\house\Application\Runtime\Cache\Home\091b7bb6d47d453e638e7dd92829fced.php 第 119 行.
NOTIC: [8] Undefined variable: num D:\project\php\house\Application\Runtime\Cache\Home\091b7bb6d47d453e638e7dd92829fced.php 第 119 行.
NOTIC: [8] Undefined variable: num D:\project\php\house\Application\Runtime\Cache\Home\091b7bb6d47d453e638e7dd92829fced.php 第 119 行.
NOTIC: [8] Undefined variable: num D:\project\php\house\Application\Runtime\Cache\Home\091b7bb6d47d453e638e7dd92829fced.php 第 119 行.
NOTIC: [8] Undefined variable: num D:\project\php\house\Application\Runtime\Cache\Home\091b7bb6d47d453e638e7dd92829fced.php 第 119 行.
NOTIC: [8] Undefined variable: num D:\project\php\house\Application\Runtime\Cache\Home\091b7bb6d47d453e638e7dd92829fced.php 第 119 行.
NOTIC: [8] Undefined variable: num D:\project\php\house\Application\Runtime\Cache\Home\091b7bb6d47d453e638e7dd92829fced.php 第 119 行.
NOTIC: [8] Undefined variable: num D:\project\php\house\Application\Runtime\Cache\Home\091b7bb6d47d453e638e7dd92829fced.php 第 119 行.
NOTIC: [8] Undefined variable: num D:\project\php\house\Application\Runtime\Cache\Home\091b7bb6d47d453e638e7dd92829fced.php 第 119 行.
NOTIC: [8] Undefined variable: num D:\project\php\house\Application\Runtime\Cache\Home\091b7bb6d47d453e638e7dd92829fced.php 第 119 行.
INFO: Run Behavior\ParseTemplateBehavior [ RunTime:0.007712s ]
INFO: [ view_parse ] --END-- [ RunTime:0.007748s ]
INFO: [ view_filter ] --START--
INFO: Run Behavior\WriteHtmlCacheBehavior [ RunTime:0.000257s ]
INFO: [ view_filter ] --END-- [ RunTime:0.000285s ]
INFO: [ app_end ] --START--
INFO: Run Behavior\ShowPageTraceBehavior [ RunTime:0.000415s ]
INFO: [ app_end ] --END-- [ RunTime:0.000446s ]

[ 2016-10-30T22:16:49+08:00 ] 127.0.0.1 /Home/User/index/p/2.html
INFO: [ app_init ] --START--
INFO: Run Behavior\BuildLiteBehavior [ RunTime:0.000010s ]
INFO: [ app_init ] --END-- [ RunTime:0.000304s ]
INFO: [ app_begin ] --START--
INFO: Run Behavior\ReadHtmlCacheBehavior [ RunTime:0.000431s ]
INFO: [ app_begin ] --END-- [ RunTime:0.000469s ]
SQL: SHOW COLUMNS FROM `user` [ RunTime:0.0059s ]
SQL: SELECT * FROM `user` WHERE `id` = 1 LIMIT 1   [ RunTime:0.0018s ]
SQL: SELECT COUNT(*) AS tp_count FROM `user` LIMIT 1   [ RunTime:0.0012s ]
SQL: SELECT * FROM `user` LIMIT 10,10   [ RunTime:0.0014s ]
INFO: [ view_parse ] --START--
INFO: [ template_filter ] --START--
INFO: Run Behavior\ContentReplaceBehavior [ RunTime:0.000048s ]
INFO: [ template_filter ] --END-- [ RunTime:0.000083s ]
NOTIC: [8] Undefined variable: num D:\project\php\house\Application\Runtime\Cache\Home\091b7bb6d47d453e638e7dd92829fced.php 第 119 行.
NOTIC: [8] Undefined variable: num D:\project\php\house\Application\Runtime\Cache\Home\091b7bb6d47d453e638e7dd92829fced.php 第 119 行.
NOTIC: [8] Undefined variable: num D:\project\php\house\Application\Runtime\Cache\Home\091b7bb6d47d453e638e7dd92829fced.php 第 119 行.
NOTIC: [8] Undefined variable: num D:\project\php\house\Application\Runtime\Cache\Home\091b7bb6d47d453e638e7dd92829fced.php 第 119 行.
NOTIC: [8] Undefined variable: num D:\project\php\house\Application\Runtime\Cache\Home\091b7bb6d47d453e638e7dd92829fced.php 第 119 行.
NOTIC: [8] Undefined variable: num D:\project\php\house\Application\Runtime\Cache\Home\091b7bb6d47d453e638e7dd92829fced.php 第 119 行.
NOTIC: [8] Undefined variable: num D:\project\php\house\Application\Runtime\Cache\Home\091b7bb6d47d453e638e7dd92829fced.php 第 119 行.
NOTIC: [8] Undefined variable: num D:\project\php\house\Application\Runtime\Cache\Home\091b7bb6d47d453e638e7dd92829fced.php 第 119 行.
NOTIC: [8] Undefined variable: num D:\project\php\house\Application\Runtime\Cache\Home\091b7bb6d47d453e638e7dd92829fced.php 第 119 行.
NOTIC: [8] Undefined variable: num D:\project\php\house\Application\Runtime\Cache\Home\091b7bb6d47d453e638e7dd92829fced.php 第 119 行.
INFO: Run Behavior\ParseTemplateBehavior [ RunTime:0.008933s ]
INFO: [ view_parse ] --END-- [ RunTime:0.008967s ]
INFO: [ view_filter ] --START--
INFO: Run Behavior\WriteHtmlCacheBehavior [ RunTime:0.000303s ]
INFO: [ view_filter ] --END-- [ RunTime:0.000330s ]
INFO: [ app_end ] --START--
INFO: Run Behavior\ShowPageTraceBehavior [ RunTime:0.000502s ]
INFO: [ app_end ] --END-- [ RunTime:0.000531s ]

[ 2016-10-30T22:16:51+08:00 ] 127.0.0.1 /Home/User/index/p/3.html
INFO: [ app_init ] --START--
INFO: Run Behavior\BuildLiteBehavior [ RunTime:0.000010s ]
INFO: [ app_init ] --END-- [ RunTime:0.000326s ]
INFO: [ app_begin ] --START--
INFO: Run Behavior\ReadHtmlCacheBehavior [ RunTime:0.000436s ]
INFO: [ app_begin ] --END-- [ RunTime:0.000475s ]
SQL: SHOW COLUMNS FROM `user` [ RunTime:0.0101s ]
SQL: SELECT * FROM `user` WHERE `id` = 1 LIMIT 1   [ RunTime:0.0016s ]
SQL: SELECT COUNT(*) AS tp_count FROM `user` LIMIT 1   [ RunTime:0.0012s ]
SQL: SELECT * FROM `user` LIMIT 20,10   [ RunTime:0.0005s ]
INFO: [ view_parse ] --START--
INFO: [ template_filter ] --START--
INFO: Run Behavior\ContentReplaceBehavior [ RunTime:0.000049s ]
INFO: [ template_filter ] --END-- [ RunTime:0.000084s ]
NOTIC: [8] Undefined variable: num D:\project\php\house\Application\Runtime\Cache\Home\091b7bb6d47d453e638e7dd92829fced.php 第 119 行.
NOTIC: [8] Undefined variable: num D:\project\php\house\Application\Runtime\Cache\Home\091b7bb6d47d453e638e7dd92829fced.php 第 119 行.
NOTIC: [8] Undefined variable: num D:\project\php\house\Application\Runtime\Cache\Home\091b7bb6d47d453e638e7dd92829fced.php 第 119 行.
NOTIC: [8] Undefined variable: num D:\project\php\house\Application\Runtime\Cache\Home\091b7bb6d47d453e638e7dd92829fced.php 第 119 行.
NOTIC: [8] Undefined variable: num D:\project\php\house\Application\Runtime\Cache\Home\091b7bb6d47d453e638e7dd92829fced.php 第 119 行.
NOTIC: [8] Undefined variable: num D:\project\php\house\Application\Runtime\Cache\Home\091b7bb6d47d453e638e7dd92829fced.php 第 119 行.
NOTIC: [8] Undefined variable: num D:\project\php\house\Application\Runtime\Cache\Home\091b7bb6d47d453e638e7dd92829fced.php 第 119 行.
NOTIC: [8] Undefined variable: num D:\project\php\house\Application\Runtime\Cache\Home\091b7bb6d47d453e638e7dd92829fced.php 第 119 行.
NOTIC: [8] Undefined variable: num D:\project\php\house\Application\Runtime\Cache\Home\091b7bb6d47d453e638e7dd92829fced.php 第 119 行.
NOTIC: [8] Undefined variable: num D:\project\php\house\Application\Runtime\Cache\Home\091b7bb6d47d453e638e7dd92829fced.php 第 119 行.
INFO: Run Behavior\ParseTemplateBehavior [ RunTime:0.008029s ]
INFO: [ view_parse ] --END-- [ RunTime:0.008065s ]
INFO: [ view_filter ] --START--
INFO: Run Behavior\WriteHtmlCacheBehavior [ RunTime:0.000256s ]
INFO: [ view_filter ] --END-- [ RunTime:0.000283s ]
INFO: [ app_end ] --START--
INFO: Run Behavior\ShowPageTraceBehavior [ RunTime:0.000410s ]
INFO: [ app_end ] --END-- [ RunTime:0.000438s ]

[ 2016-10-30T22:20:36+08:00 ] 127.0.0.1 /Home/User/index/p/3.html
INFO: [ app_init ] --START--
INFO: Run Behavior\BuildLiteBehavior [ RunTime:0.000010s ]
INFO: [ app_init ] --END-- [ RunTime:0.000337s ]
INFO: [ app_begin ] --START--
INFO: Run Behavior\ReadHtmlCacheBehavior [ RunTime:0.000777s ]
INFO: [ app_begin ] --END-- [ RunTime:0.000837s ]
SQL: SHOW COLUMNS FROM `user` [ RunTime:0.0074s ]
SQL: SELECT * FROM `user` WHERE `id` = 1 LIMIT 1   [ RunTime:0.0019s ]
SQL: SELECT COUNT(*) AS tp_count FROM `user` LIMIT 1   [ RunTime:0.0014s ]
SQL: SELECT * FROM `user` LIMIT 20,10   [ RunTime:0.0007s ]
INFO: [ view_parse ] --START--
INFO: [ template_filter ] --START--
INFO: Run Behavior\ContentReplaceBehavior [ RunTime:0.000078s ]
INFO: [ template_filter ] --END-- [ RunTime:0.000115s ]
NOTIC: [8] Undefined variable: username D:\project\php\house\Application\Runtime\Cache\Home\091b7bb6d47d453e638e7dd92829fced.php 第 109 行.
NOTIC: [8] Undefined variable: num D:\project\php\house\Application\Runtime\Cache\Home\091b7bb6d47d453e638e7dd92829fced.php 第 125 行.
NOTIC: [8] Undefined variable: num D:\project\php\house\Application\Runtime\Cache\Home\091b7bb6d47d453e638e7dd92829fced.php 第 125 行.
NOTIC: [8] Undefined variable: num D:\project\php\house\Application\Runtime\Cache\Home\091b7bb6d47d453e638e7dd92829fced.php 第 125 行.
NOTIC: [8] Undefined variable: num D:\project\php\house\Application\Runtime\Cache\Home\091b7bb6d47d453e638e7dd92829fced.php 第 125 行.
NOTIC: [8] Undefined variable: num D:\project\php\house\Application\Runtime\Cache\Home\091b7bb6d47d453e638e7dd92829fced.php 第 125 行.
NOTIC: [8] Undefined variable: num D:\project\php\house\Application\Runtime\Cache\Home\091b7bb6d47d453e638e7dd92829fced.php 第 125 行.
NOTIC: [8] Undefined variable: num D:\project\php\house\Application\Runtime\Cache\Home\091b7bb6d47d453e638e7dd92829fced.php 第 125 行.
NOTIC: [8] Undefined variable: num D:\project\php\house\Application\Runtime\Cache\Home\091b7bb6d47d453e638e7dd92829fced.php 第 125 行.
NOTIC: [8] Undefined variable: num D:\project\php\house\Application\Runtime\Cache\Home\091b7bb6d47d453e638e7dd92829fced.php 第 125 行.
NOTIC: [8] Undefined variable: num D:\project\php\house\Application\Runtime\Cache\Home\091b7bb6d47d453e638e7dd92829fced.php 第 125 行.
INFO: Run Behavior\ParseTemplateBehavior [ RunTime:0.009338s ]
INFO: [ view_parse ] --END-- [ RunTime:0.009386s ]
INFO: [ view_filter ] --START--
INFO: Run Behavior\WriteHtmlCacheBehavior [ RunTime:0.000315s ]
INFO: [ view_filter ] --END-- [ RunTime:0.000344s ]
INFO: [ app_end ] --START--
INFO: Run Behavior\ShowPageTraceBehavior [ RunTime:0.000493s ]
INFO: [ app_end ] --END-- [ RunTime:0.000559s ]

[ 2016-10-30T22:20:51+08:00 ] 127.0.0.1 /Home/User/index/p/3.html
INFO: [ app_init ] --START--
INFO: Run Behavior\BuildLiteBehavior [ RunTime:0.000010s ]
INFO: [ app_init ] --END-- [ RunTime:0.000281s ]
INFO: [ app_begin ] --START--
INFO: Run Behavior\ReadHtmlCacheBehavior [ RunTime:0.000515s ]
INFO: [ app_begin ] --END-- [ RunTime:0.000556s ]
SQL: SHOW COLUMNS FROM `user` [ RunTime:0.0073s ]
SQL: SELECT * FROM `user` WHERE `id` = 1 LIMIT 1   [ RunTime:0.0019s ]
SQL: SELECT COUNT(*) AS tp_count FROM `user` LIMIT 1   [ RunTime:0.0017s ]
SQL: SELECT * FROM `user` LIMIT 20,10   [ RunTime:0.0016s ]
INFO: [ view_parse ] --START--
INFO: [ template_filter ] --START--
INFO: Run Behavior\ContentReplaceBehavior [ RunTime:0.000122s ]
INFO: [ template_filter ] --END-- [ RunTime:0.000226s ]
NOTIC: [8] Undefined variable: username D:\project\php\house\Application\Runtime\Cache\Home\091b7bb6d47d453e638e7dd92829fced.php 第 109 行.
NOTIC: [8] Undefined variable: num D:\project\php\house\Application\Runtime\Cache\Home\091b7bb6d47d453e638e7dd92829fced.php 第 125 行.
NOTIC: [8] Undefined variable: num D:\project\php\house\Application\Runtime\Cache\Home\091b7bb6d47d453e638e7dd92829fced.php 第 125 行.
NOTIC: [8] Undefined variable: num D:\project\php\house\Application\Runtime\Cache\Home\091b7bb6d47d453e638e7dd92829fced.php 第 125 行.
NOTIC: [8] Undefined variable: num D:\project\php\house\Application\Runtime\Cache\Home\091b7bb6d47d453e638e7dd92829fced.php 第 125 行.
NOTIC: [8] Undefined variable: num D:\project\php\house\Application\Runtime\Cache\Home\091b7bb6d47d453e638e7dd92829fced.php 第 125 行.
NOTIC: [8] Undefined variable: num D:\project\php\house\Application\Runtime\Cache\Home\091b7bb6d47d453e638e7dd92829fced.php 第 125 行.
NOTIC: [8] Undefined variable: num D:\project\php\house\Application\Runtime\Cache\Home\091b7bb6d47d453e638e7dd92829fced.php 第 125 行.
NOTIC: [8] Undefined variable: num D:\project\php\house\Application\Runtime\Cache\Home\091b7bb6d47d453e638e7dd92829fced.php 第 125 行.
NOTIC: [8] Undefined variable: num D:\project\php\house\Application\Runtime\Cache\Home\091b7bb6d47d453e638e7dd92829fced.php 第 125 行.
NOTIC: [8] Undefined variable: num D:\project\php\house\Application\Runtime\Cache\Home\091b7bb6d47d453e638e7dd92829fced.php 第 125 行.
INFO: Run Behavior\ParseTemplateBehavior [ RunTime:0.009232s ]
INFO: [ view_parse ] --END-- [ RunTime:0.009273s ]
INFO: [ view_filter ] --START--
INFO: Run Behavior\WriteHtmlCacheBehavior [ RunTime:0.000323s ]
INFO: [ view_filter ] --END-- [ RunTime:0.000351s ]
INFO: [ app_end ] --START--
INFO: Run Behavior\ShowPageTraceBehavior [ RunTime:0.000461s ]
INFO: [ app_end ] --END-- [ RunTime:0.000491s ]

[ 2016-10-30T22:22:02+08:00 ] 127.0.0.1 /Home/User/index/p/3.html
INFO: [ app_init ] --START--
INFO: Run Behavior\BuildLiteBehavior [ RunTime:0.000009s ]
INFO: [ app_init ] --END-- [ RunTime:0.000285s ]
INFO: [ app_begin ] --START--
INFO: Run Behavior\ReadHtmlCacheBehavior [ RunTime:0.000427s ]
INFO: [ app_begin ] --END-- [ RunTime:0.000462s ]
SQL: SHOW COLUMNS FROM `user` [ RunTime:0.0082s ]
SQL: SELECT * FROM `user` WHERE `id` = 1 LIMIT 1   [ RunTime:0.0019s ]
SQL: SELECT COUNT(*) AS tp_count FROM `user` WHERE `username` = null LIMIT 1   [ RunTime:0.0020s ]
SQL: SELECT * FROM `user` WHERE `username` = null LIMIT 20,10   [ RunTime:0.0015s ]
INFO: [ view_parse ] --START--
INFO: [ template_filter ] --START--
INFO: Run Behavior\ContentReplaceBehavior [ RunTime:0.000047s ]
INFO: [ template_filter ] --END-- [ RunTime:0.000079s ]
INFO: Run Behavior\ParseTemplateBehavior [ RunTime:0.007043s ]
INFO: [ view_parse ] --END-- [ RunTime:0.007081s ]
INFO: [ view_filter ] --START--
INFO: Run Behavior\WriteHtmlCacheBehavior [ RunTime:0.000256s ]
INFO: [ view_filter ] --END-- [ RunTime:0.000283s ]
INFO: [ app_end ] --START--
INFO: Run Behavior\ShowPageTraceBehavior [ RunTime:0.000418s ]
INFO: [ app_end ] --END-- [ RunTime:0.000447s ]

[ 2016-10-30T22:22:39+08:00 ] 127.0.0.1 /Home/User/index/p/3.html
INFO: [ app_init ] --START--
INFO: Run Behavior\BuildLiteBehavior [ RunTime:0.000014s ]
INFO: [ app_init ] --END-- [ RunTime:0.000323s ]
INFO: [ app_begin ] --START--
INFO: Run Behavior\ReadHtmlCacheBehavior [ RunTime:0.000420s ]
INFO: [ app_begin ] --END-- [ RunTime:0.000456s ]
SQL: SHOW COLUMNS FROM `user` [ RunTime:0.0063s ]
SQL: SELECT * FROM `user` WHERE `id` = 1 LIMIT 1   [ RunTime:0.0008s ]
SQL: SELECT COUNT(*) AS tp_count FROM `user` WHERE `username` LIKE '%%' LIMIT 1   [ RunTime:0.0006s ]
SQL: SELECT * FROM `user` WHERE `username` LIKE '%%' LIMIT 20,10   [ RunTime:0.0005s ]
INFO: [ view_parse ] --START--
INFO: [ template_filter ] --START--
INFO: Run Behavior\ContentReplaceBehavior [ RunTime:0.000074s ]
INFO: [ template_filter ] --END-- [ RunTime:0.000116s ]
NOTIC: [8] Undefined variable: num D:\project\php\house\Application\Runtime\Cache\Home\091b7bb6d47d453e638e7dd92829fced.php 第 125 行.
NOTIC: [8] Undefined variable: num D:\project\php\house\Application\Runtime\Cache\Home\091b7bb6d47d453e638e7dd92829fced.php 第 125 行.
NOTIC: [8] Undefined variable: num D:\project\php\house\Application\Runtime\Cache\Home\091b7bb6d47d453e638e7dd92829fced.php 第 125 行.
NOTIC: [8] Undefined variable: num D:\project\php\house\Application\Runtime\Cache\Home\091b7bb6d47d453e638e7dd92829fced.php 第 125 行.
NOTIC: [8] Undefined variable: num D:\project\php\house\Application\Runtime\Cache\Home\091b7bb6d47d453e638e7dd92829fced.php 第 125 行.
NOTIC: [8] Undefined variable: num D:\project\php\house\Application\Runtime\Cache\Home\091b7bb6d47d453e638e7dd92829fced.php 第 125 行.
NOTIC: [8] Undefined variable: num D:\project\php\house\Application\Runtime\Cache\Home\091b7bb6d47d453e638e7dd92829fced.php 第 125 行.
NOTIC: [8] Undefined variable: num D:\project\php\house\Application\Runtime\Cache\Home\091b7bb6d47d453e638e7dd92829fced.php 第 125 行.
NOTIC: [8] Undefined variable: num D:\project\php\house\Application\Runtime\Cache\Home\091b7bb6d47d453e638e7dd92829fced.php 第 125 行.
NOTIC: [8] Undefined variable: num D:\project\php\house\Application\Runtime\Cache\Home\091b7bb6d47d453e638e7dd92829fced.php 第 125 行.
INFO: Run Behavior\ParseTemplateBehavior [ RunTime:0.008805s ]
INFO: [ view_parse ] --END-- [ RunTime:0.008841s ]
INFO: [ view_filter ] --START--
INFO: Run Behavior\WriteHtmlCacheBehavior [ RunTime:0.000297s ]
INFO: [ view_filter ] --END-- [ RunTime:0.000322s ]
INFO: [ app_end ] --START--
INFO: Run Behavior\ShowPageTraceBehavior [ RunTime:0.000478s ]
INFO: [ app_end ] --END-- [ RunTime:0.000507s ]

[ 2016-10-30T22:22:44+08:00 ] 127.0.0.1 /Home/User/add.html
INFO: [ app_init ] --START--
INFO: Run Behavior\BuildLiteBehavior [ RunTime:0.000009s ]
INFO: [ app_init ] --END-- [ RunTime:0.000253s ]
INFO: [ app_begin ] --START--
INFO: Run Behavior\ReadHtmlCacheBehavior [ RunTime:0.000481s ]
INFO: [ app_begin ] --END-- [ RunTime:0.000520s ]
SQL: SHOW COLUMNS FROM `user` [ RunTime:0.0084s ]
SQL: SELECT * FROM `user` WHERE `id` = 1 LIMIT 1   [ RunTime:0.0020s ]
INFO: [ view_parse ] --START--
INFO: [ template_filter ] --START--
INFO: Run Behavior\ContentReplaceBehavior [ RunTime:0.000061s ]
INFO: [ template_filter ] --END-- [ RunTime:0.000100s ]
NOTIC: [8] Undefined variable: rs D:\project\php\house\Application\Runtime\Cache\Home\e79293c82787e337611a191abe4e43df.php 第 166 行.
NOTIC: [8] Undefined variable: rs D:\project\php\house\Application\Runtime\Cache\Home\e79293c82787e337611a191abe4e43df.php 第 180 行.
NOTIC: [8] Undefined variable: rs D:\project\php\house\Application\Runtime\Cache\Home\e79293c82787e337611a191abe4e43df.php 第 181 行.
NOTIC: [8] Undefined variable: rs D:\project\php\house\Application\Runtime\Cache\Home\e79293c82787e337611a191abe4e43df.php 第 182 行.
NOTIC: [8] Undefined variable: rs D:\project\php\house\Application\Runtime\Cache\Home\e79293c82787e337611a191abe4e43df.php 第 183 行.
NOTIC: [8] Undefined variable: id D:\project\php\house\Application\Runtime\Cache\Home\e79293c82787e337611a191abe4e43df.php 第 186 行.
INFO: Run Behavior\ParseTemplateBehavior [ RunTime:0.110583s ]
INFO: [ view_parse ] --END-- [ RunTime:0.110650s ]
INFO: [ view_filter ] --START--
INFO: Run Behavior\WriteHtmlCacheBehavior [ RunTime:0.000271s ]
INFO: [ view_filter ] --END-- [ RunTime:0.000315s ]
INFO: [ app_end ] --START--
INFO: Run Behavior\ShowPageTraceBehavior [ RunTime:0.000378s ]
INFO: [ app_end ] --END-- [ RunTime:0.000406s ]

[ 2016-10-30T22:22:51+08:00 ] 127.0.0.1 /Home/User/add.html
INFO: [ app_init ] --START--
INFO: Run Behavior\BuildLiteBehavior [ RunTime:0.000010s ]
INFO: [ app_init ] --END-- [ RunTime:0.000289s ]
INFO: [ app_begin ] --START--
INFO: Run Behavior\ReadHtmlCacheBehavior [ RunTime:0.000418s ]
INFO: [ app_begin ] --END-- [ RunTime:0.000456s ]
SQL: SHOW COLUMNS FROM `user` [ RunTime:0.0068s ]
SQL: SELECT * FROM `user` WHERE `id` = 1 LIMIT 1   [ RunTime:0.0013s ]
INFO: [ view_parse ] --START--
INFO: [ template_filter ] --START--
INFO: Run Behavior\ContentReplaceBehavior [ RunTime:0.000052s ]
INFO: [ template_filter ] --END-- [ RunTime:0.000085s ]
NOTIC: [8] Undefined variable: rs D:\project\php\house\Application\Runtime\Cache\Home\e79293c82787e337611a191abe4e43df.php 第 166 行.
NOTIC: [8] Undefined variable: rs D:\project\php\house\Application\Runtime\Cache\Home\e79293c82787e337611a191abe4e43df.php 第 180 行.
NOTIC: [8] Undefined variable: rs D:\project\php\house\Application\Runtime\Cache\Home\e79293c82787e337611a191abe4e43df.php 第 181 行.
NOTIC: [8] Undefined variable: rs D:\project\php\house\Application\Runtime\Cache\Home\e79293c82787e337611a191abe4e43df.php 第 182 行.
NOTIC: [8] Undefined variable: rs D:\project\php\house\Application\Runtime\Cache\Home\e79293c82787e337611a191abe4e43df.php 第 183 行.
NOTIC: [8] Undefined variable: id D:\project\php\house\Application\Runtime\Cache\Home\e79293c82787e337611a191abe4e43df.php 第 186 行.
INFO: Run Behavior\ParseTemplateBehavior [ RunTime:0.007686s ]
INFO: [ view_parse ] --END-- [ RunTime:0.007722s ]
INFO: [ view_filter ] --START--
INFO: Run Behavior\WriteHtmlCacheBehavior [ RunTime:0.000301s ]
INFO: [ view_filter ] --END-- [ RunTime:0.000327s ]
INFO: [ app_end ] --START--
INFO: Run Behavior\ShowPageTraceBehavior [ RunTime:0.000473s ]
INFO: [ app_end ] --END-- [ RunTime:0.000501s ]

[ 2016-10-30T22:23:10+08:00 ] 127.0.0.1 /Home/User/index/p/2.html
INFO: [ app_init ] --START--
INFO: Run Behavior\BuildLiteBehavior [ RunTime:0.000009s ]
INFO: [ app_init ] --END-- [ RunTime:0.000285s ]
INFO: [ app_begin ] --START--
INFO: Run Behavior\ReadHtmlCacheBehavior [ RunTime:0.000415s ]
INFO: [ app_begin ] --END-- [ RunTime:0.000452s ]
SQL: SHOW COLUMNS FROM `user` [ RunTime:0.0076s ]
SQL: SELECT * FROM `user` WHERE `id` = 1 LIMIT 1   [ RunTime:0.0011s ]
SQL: SELECT COUNT(*) AS tp_count FROM `user` WHERE `username` LIKE '%%' LIMIT 1   [ RunTime:0.0005s ]
SQL: SELECT * FROM `user` WHERE `username` LIKE '%%' LIMIT 10,10   [ RunTime:0.0005s ]
INFO: [ view_parse ] --START--
INFO: [ template_filter ] --START--
INFO: Run Behavior\ContentReplaceBehavior [ RunTime:0.000055s ]
INFO: [ template_filter ] --END-- [ RunTime:0.000093s ]
NOTIC: [8] Undefined variable: num D:\project\php\house\Application\Runtime\Cache\Home\091b7bb6d47d453e638e7dd92829fced.php 第 125 行.
NOTIC: [8] Undefined variable: num D:\project\php\house\Application\Runtime\Cache\Home\091b7bb6d47d453e638e7dd92829fced.php 第 125 行.
NOTIC: [8] Undefined variable: num D:\project\php\house\Application\Runtime\Cache\Home\091b7bb6d47d453e638e7dd92829fced.php 第 125 行.
NOTIC: [8] Undefined variable: num D:\project\php\house\Application\Runtime\Cache\Home\091b7bb6d47d453e638e7dd92829fced.php 第 125 行.
NOTIC: [8] Undefined variable: num D:\project\php\house\Application\Runtime\Cache\Home\091b7bb6d47d453e638e7dd92829fced.php 第 125 行.
NOTIC: [8] Undefined variable: num D:\project\php\house\Application\Runtime\Cache\Home\091b7bb6d47d453e638e7dd92829fced.php 第 125 行.
NOTIC: [8] Undefined variable: num D:\project\php\house\Application\Runtime\Cache\Home\091b7bb6d47d453e638e7dd92829fced.php 第 125 行.
NOTIC: [8] Undefined variable: num D:\project\php\house\Application\Runtime\Cache\Home\091b7bb6d47d453e638e7dd92829fced.php 第 125 行.
NOTIC: [8] Undefined variable: num D:\project\php\house\Application\Runtime\Cache\Home\091b7bb6d47d453e638e7dd92829fced.php 第 125 行.
NOTIC: [8] Undefined variable: num D:\project\php\house\Application\Runtime\Cache\Home\091b7bb6d47d453e638e7dd92829fced.php 第 125 行.
INFO: Run Behavior\ParseTemplateBehavior [ RunTime:0.009468s ]
INFO: [ view_parse ] --END-- [ RunTime:0.009502s ]
INFO: [ view_filter ] --START--
INFO: Run Behavior\WriteHtmlCacheBehavior [ RunTime:0.000338s ]
INFO: [ view_filter ] --END-- [ RunTime:0.000384s ]
INFO: [ app_end ] --START--
INFO: Run Behavior\ShowPageTraceBehavior [ RunTime:0.000506s ]
INFO: [ app_end ] --END-- [ RunTime:0.000537s ]

[ 2016-10-30T22:23:12+08:00 ] 127.0.0.1 /Home/User/index/p/1.html
INFO: [ app_init ] --START--
INFO: Run Behavior\BuildLiteBehavior [ RunTime:0.000012s ]
INFO: [ app_init ] --END-- [ RunTime:0.000324s ]
INFO: [ app_begin ] --START--
INFO: Run Behavior\ReadHtmlCacheBehavior [ RunTime:0.000380s ]
INFO: [ app_begin ] --END-- [ RunTime:0.000423s ]
SQL: SHOW COLUMNS FROM `user` [ RunTime:0.0081s ]
SQL: SELECT * FROM `user` WHERE `id` = 1 LIMIT 1   [ RunTime:0.0017s ]
SQL: SELECT COUNT(*) AS tp_count FROM `user` WHERE `username` LIKE '%%' LIMIT 1   [ RunTime:0.0008s ]
SQL: SELECT * FROM `user` WHERE `username` LIKE '%%' LIMIT 0,10   [ RunTime:0.0006s ]
INFO: [ view_parse ] --START--
INFO: [ template_filter ] --START--
INFO: Run Behavior\ContentReplaceBehavior [ RunTime:0.000047s ]
INFO: [ template_filter ] --END-- [ RunTime:0.000084s ]
NOTIC: [8] Undefined variable: num D:\project\php\house\Application\Runtime\Cache\Home\091b7bb6d47d453e638e7dd92829fced.php 第 125 行.
NOTIC: [8] Undefined variable: num D:\project\php\house\Application\Runtime\Cache\Home\091b7bb6d47d453e638e7dd92829fced.php 第 125 行.
NOTIC: [8] Undefined variable: num D:\project\php\house\Application\Runtime\Cache\Home\091b7bb6d47d453e638e7dd92829fced.php 第 125 行.
NOTIC: [8] Undefined variable: num D:\project\php\house\Application\Runtime\Cache\Home\091b7bb6d47d453e638e7dd92829fced.php 第 125 行.
NOTIC: [8] Undefined variable: num D:\project\php\house\Application\Runtime\Cache\Home\091b7bb6d47d453e638e7dd92829fced.php 第 125 行.
NOTIC: [8] Undefined variable: num D:\project\php\house\Application\Runtime\Cache\Home\091b7bb6d47d453e638e7dd92829fced.php 第 125 行.
NOTIC: [8] Undefined variable: num D:\project\php\house\Application\Runtime\Cache\Home\091b7bb6d47d453e638e7dd92829fced.php 第 125 行.
NOTIC: [8] Undefined variable: num D:\project\php\house\Application\Runtime\Cache\Home\091b7bb6d47d453e638e7dd92829fced.php 第 125 行.
NOTIC: [8] Undefined variable: num D:\project\php\house\Application\Runtime\Cache\Home\091b7bb6d47d453e638e7dd92829fced.php 第 125 行.
NOTIC: [8] Undefined variable: num D:\project\php\house\Application\Runtime\Cache\Home\091b7bb6d47d453e638e7dd92829fced.php 第 125 行.
INFO: Run Behavior\ParseTemplateBehavior [ RunTime:0.007835s ]
INFO: [ view_parse ] --END-- [ RunTime:0.007870s ]
INFO: [ view_filter ] --START--
INFO: Run Behavior\WriteHtmlCacheBehavior [ RunTime:0.000166s ]
INFO: [ view_filter ] --END-- [ RunTime:0.000192s ]
INFO: [ app_end ] --START--
INFO: Run Behavior\ShowPageTraceBehavior [ RunTime:0.000312s ]
INFO: [ app_end ] --END-- [ RunTime:0.000341s ]

[ 2016-10-30T22:23:52+08:00 ] 127.0.0.1 /Home/User/index/p/1.html
INFO: [ app_init ] --START--
INFO: Run Behavior\BuildLiteBehavior [ RunTime:0.000025s ]
INFO: [ app_init ] --END-- [ RunTime:0.000403s ]
INFO: [ app_begin ] --START--
INFO: Run Behavior\ReadHtmlCacheBehavior [ RunTime:0.000493s ]
INFO: [ app_begin ] --END-- [ RunTime:0.000568s ]
SQL: SHOW COLUMNS FROM `user` [ RunTime:0.0340s ]
SQL: SELECT * FROM `user` WHERE `id` = 1 LIMIT 1   [ RunTime:0.0027s ]
SQL: SELECT COUNT(*) AS tp_count FROM `user` WHERE `username` LIKE '%%' LIMIT 1   [ RunTime:0.0018s ]
SQL: SELECT * FROM `user` WHERE `username` LIKE '%%' LIMIT 0,10   [ RunTime:0.0010s ]
INFO: [ view_parse ] --START--
INFO: [ template_filter ] --START--
INFO: Run Behavior\ContentReplaceBehavior [ RunTime:0.000048s ]
INFO: [ template_filter ] --END-- [ RunTime:0.000081s ]
NOTIC: [8] Undefined variable: num D:\project\php\house\Application\Runtime\Cache\Home\091b7bb6d47d453e638e7dd92829fced.php 第 125 行.
NOTIC: [8] Undefined variable: num D:\project\php\house\Application\Runtime\Cache\Home\091b7bb6d47d453e638e7dd92829fced.php 第 125 行.
NOTIC: [8] Undefined variable: num D:\project\php\house\Application\Runtime\Cache\Home\091b7bb6d47d453e638e7dd92829fced.php 第 125 行.
NOTIC: [8] Undefined variable: num D:\project\php\house\Application\Runtime\Cache\Home\091b7bb6d47d453e638e7dd92829fced.php 第 125 行.
NOTIC: [8] Undefined variable: num D:\project\php\house\Application\Runtime\Cache\Home\091b7bb6d47d453e638e7dd92829fced.php 第 125 行.
NOTIC: [8] Undefined variable: num D:\project\php\house\Application\Runtime\Cache\Home\091b7bb6d47d453e638e7dd92829fced.php 第 125 行.
NOTIC: [8] Undefined variable: num D:\project\php\house\Application\Runtime\Cache\Home\091b7bb6d47d453e638e7dd92829fced.php 第 125 行.
NOTIC: [8] Undefined variable: num D:\project\php\house\Application\Runtime\Cache\Home\091b7bb6d47d453e638e7dd92829fced.php 第 125 行.
NOTIC: [8] Undefined variable: num D:\project\php\house\Application\Runtime\Cache\Home\091b7bb6d47d453e638e7dd92829fced.php 第 125 行.
NOTIC: [8] Undefined variable: num D:\project\php\house\Application\Runtime\Cache\Home\091b7bb6d47d453e638e7dd92829fced.php 第 125 行.
INFO: Run Behavior\ParseTemplateBehavior [ RunTime:0.007562s ]
INFO: [ view_parse ] --END-- [ RunTime:0.007596s ]
INFO: [ view_filter ] --START--
INFO: Run Behavior\WriteHtmlCacheBehavior [ RunTime:0.000306s ]
INFO: [ view_filter ] --END-- [ RunTime:0.000370s ]
INFO: [ app_end ] --START--
INFO: Run Behavior\ShowPageTraceBehavior [ RunTime:0.000433s ]
INFO: [ app_end ] --END-- [ RunTime:0.000462s ]

[ 2016-10-30T22:23:56+08:00 ] 127.0.0.1 /Home/User/add.html
INFO: [ app_init ] --START--
INFO: Run Behavior\BuildLiteBehavior [ RunTime:0.000011s ]
INFO: [ app_init ] --END-- [ RunTime:0.000279s ]
INFO: [ app_begin ] --START--
INFO: Run Behavior\ReadHtmlCacheBehavior [ RunTime:0.000455s ]
INFO: [ app_begin ] --END-- [ RunTime:0.000498s ]
SQL: SHOW COLUMNS FROM `user` [ RunTime:0.0066s ]
SQL: SELECT * FROM `user` WHERE `id` = 1 LIMIT 1   [ RunTime:0.0009s ]
INFO: [ view_parse ] --START--
INFO: [ template_filter ] --START--
INFO: Run Behavior\ContentReplaceBehavior [ RunTime:0.000054s ]
INFO: [ template_filter ] --END-- [ RunTime:0.000087s ]
NOTIC: [8] Undefined variable: rs D:\project\php\house\Application\Runtime\Cache\Home\e79293c82787e337611a191abe4e43df.php 第 166 行.
NOTIC: [8] Undefined variable: rs D:\project\php\house\Application\Runtime\Cache\Home\e79293c82787e337611a191abe4e43df.php 第 180 行.
NOTIC: [8] Undefined variable: rs D:\project\php\house\Application\Runtime\Cache\Home\e79293c82787e337611a191abe4e43df.php 第 181 行.
NOTIC: [8] Undefined variable: rs D:\project\php\house\Application\Runtime\Cache\Home\e79293c82787e337611a191abe4e43df.php 第 182 行.
NOTIC: [8] Undefined variable: rs D:\project\php\house\Application\Runtime\Cache\Home\e79293c82787e337611a191abe4e43df.php 第 183 行.
NOTIC: [8] Undefined variable: id D:\project\php\house\Application\Runtime\Cache\Home\e79293c82787e337611a191abe4e43df.php 第 186 行.
INFO: Run Behavior\ParseTemplateBehavior [ RunTime:0.006703s ]
INFO: [ view_parse ] --END-- [ RunTime:0.006736s ]
INFO: [ view_filter ] --START--
INFO: Run Behavior\WriteHtmlCacheBehavior [ RunTime:0.000164s ]
INFO: [ view_filter ] --END-- [ RunTime:0.000190s ]
INFO: [ app_end ] --START--
INFO: Run Behavior\ShowPageTraceBehavior [ RunTime:0.000314s ]
INFO: [ app_end ] --END-- [ RunTime:0.000344s ]

[ 2016-10-30T22:25:09+08:00 ] 127.0.0.1 /Home/User/index/p/1.html
INFO: [ app_init ] --START--
INFO: Run Behavior\BuildLiteBehavior [ RunTime:0.000010s ]
INFO: [ app_init ] --END-- [ RunTime:0.000325s ]
INFO: [ app_begin ] --START--
INFO: Run Behavior\ReadHtmlCacheBehavior [ RunTime:0.000439s ]
INFO: [ app_begin ] --END-- [ RunTime:0.000477s ]
SQL: SHOW COLUMNS FROM `user` [ RunTime:0.0073s ]
SQL: SELECT * FROM `user` WHERE `id` = 1 LIMIT 1   [ RunTime:0.0021s ]
SQL: SELECT COUNT(*) AS tp_count FROM `user` WHERE `username` LIKE '%%' LIMIT 1   [ RunTime:0.0012s ]
SQL: SELECT * FROM `user` WHERE `username` LIKE '%%' LIMIT 0,10   [ RunTime:0.0013s ]
INFO: [ view_parse ] --START--
INFO: [ template_filter ] --START--
INFO: Run Behavior\ContentReplaceBehavior [ RunTime:0.000059s ]
INFO: [ template_filter ] --END-- [ RunTime:0.000097s ]
NOTIC: [8] Undefined variable: num D:\project\php\house\Application\Runtime\Cache\Home\091b7bb6d47d453e638e7dd92829fced.php 第 125 行.
NOTIC: [8] Undefined variable: num D:\project\php\house\Application\Runtime\Cache\Home\091b7bb6d47d453e638e7dd92829fced.php 第 125 行.
NOTIC: [8] Undefined variable: num D:\project\php\house\Application\Runtime\Cache\Home\091b7bb6d47d453e638e7dd92829fced.php 第 125 行.
NOTIC: [8] Undefined variable: num D:\project\php\house\Application\Runtime\Cache\Home\091b7bb6d47d453e638e7dd92829fced.php 第 125 行.
NOTIC: [8] Undefined variable: num D:\project\php\house\Application\Runtime\Cache\Home\091b7bb6d47d453e638e7dd92829fced.php 第 125 行.
NOTIC: [8] Undefined variable: num D:\project\php\house\Application\Runtime\Cache\Home\091b7bb6d47d453e638e7dd92829fced.php 第 125 行.
NOTIC: [8] Undefined variable: num D:\project\php\house\Application\Runtime\Cache\Home\091b7bb6d47d453e638e7dd92829fced.php 第 125 行.
NOTIC: [8] Undefined variable: num D:\project\php\house\Application\Runtime\Cache\Home\091b7bb6d47d453e638e7dd92829fced.php 第 125 行.
NOTIC: [8] Undefined variable: num D:\project\php\house\Application\Runtime\Cache\Home\091b7bb6d47d453e638e7dd92829fced.php 第 125 行.
NOTIC: [8] Undefined variable: num D:\project\php\house\Application\Runtime\Cache\Home\091b7bb6d47d453e638e7dd92829fced.php 第 125 行.
INFO: Run Behavior\ParseTemplateBehavior [ RunTime:0.008553s ]
INFO: [ view_parse ] --END-- [ RunTime:0.008604s ]
INFO: [ view_filter ] --START--
INFO: Run Behavior\WriteHtmlCacheBehavior [ RunTime:0.000318s ]
INFO: [ view_filter ] --END-- [ RunTime:0.000365s ]
INFO: [ app_end ] --START--
INFO: Run Behavior\ShowPageTraceBehavior [ RunTime:0.000464s ]
INFO: [ app_end ] --END-- [ RunTime:0.000495s ]

[ 2016-10-30T22:26:15+08:00 ] 127.0.0.1 /Home/User/index/p/1.html
INFO: [ app_init ] --START--
INFO: Run Behavior\BuildLiteBehavior [ RunTime:0.000011s ]
INFO: [ app_init ] --END-- [ RunTime:0.000451s ]
INFO: [ app_begin ] --START--
INFO: Run Behavior\ReadHtmlCacheBehavior [ RunTime:0.000476s ]
INFO: [ app_begin ] --END-- [ RunTime:0.000513s ]
SQL: SHOW COLUMNS FROM `user` [ RunTime:0.0076s ]
SQL: SELECT * FROM `user` WHERE `id` = 1 LIMIT 1   [ RunTime:0.0025s ]
SQL: SELECT COUNT(*) AS tp_count FROM `user` WHERE `username` LIKE '%%' LIMIT 1   [ RunTime:0.0018s ]
SQL: SELECT * FROM `user` WHERE `username` LIKE '%%' LIMIT 0,10   [ RunTime:0.0017s ]
INFO: [ view_parse ] --START--
INFO: [ template_filter ] --START--
INFO: Run Behavior\ContentReplaceBehavior [ RunTime:0.000050s ]
INFO: [ template_filter ] --END-- [ RunTime:0.000085s ]
NOTIC: [8] Undefined variable: num D:\project\php\house\Application\Runtime\Cache\Home\091b7bb6d47d453e638e7dd92829fced.php 第 124 行.
NOTIC: [8] Undefined variable: num D:\project\php\house\Application\Runtime\Cache\Home\091b7bb6d47d453e638e7dd92829fced.php 第 124 行.
NOTIC: [8] Undefined variable: num D:\project\php\house\Application\Runtime\Cache\Home\091b7bb6d47d453e638e7dd92829fced.php 第 124 行.
NOTIC: [8] Undefined variable: num D:\project\php\house\Application\Runtime\Cache\Home\091b7bb6d47d453e638e7dd92829fced.php 第 124 行.
NOTIC: [8] Undefined variable: num D:\project\php\house\Application\Runtime\Cache\Home\091b7bb6d47d453e638e7dd92829fced.php 第 124 行.
NOTIC: [8] Undefined variable: num D:\project\php\house\Application\Runtime\Cache\Home\091b7bb6d47d453e638e7dd92829fced.php 第 124 行.
NOTIC: [8] Undefined variable: num D:\project\php\house\Application\Runtime\Cache\Home\091b7bb6d47d453e638e7dd92829fced.php 第 124 行.
NOTIC: [8] Undefined variable: num D:\project\php\house\Application\Runtime\Cache\Home\091b7bb6d47d453e638e7dd92829fced.php 第 124 行.
NOTIC: [8] Undefined variable: num D:\project\php\house\Application\Runtime\Cache\Home\091b7bb6d47d453e638e7dd92829fced.php 第 124 行.
NOTIC: [8] Undefined variable: num D:\project\php\house\Application\Runtime\Cache\Home\091b7bb6d47d453e638e7dd92829fced.php 第 124 行.
INFO: Run Behavior\ParseTemplateBehavior [ RunTime:0.008361s ]
INFO: [ view_parse ] --END-- [ RunTime:0.008399s ]
INFO: [ view_filter ] --START--
INFO: Run Behavior\WriteHtmlCacheBehavior [ RunTime:0.000270s ]
INFO: [ view_filter ] --END-- [ RunTime:0.000296s ]
INFO: [ app_end ] --START--
INFO: Run Behavior\ShowPageTraceBehavior [ RunTime:0.000414s ]
INFO: [ app_end ] --END-- [ RunTime:0.000444s ]

[ 2016-10-30T22:26:17+08:00 ] 127.0.0.1 /Home/User/index.html?username=
INFO: [ app_init ] --START--
INFO: Run Behavior\BuildLiteBehavior [ RunTime:0.000011s ]
INFO: [ app_init ] --END-- [ RunTime:0.000572s ]
INFO: [ app_begin ] --START--
INFO: Run Behavior\ReadHtmlCacheBehavior [ RunTime:0.000435s ]
INFO: [ app_begin ] --END-- [ RunTime:0.000511s ]
SQL: SHOW COLUMNS FROM `user` [ RunTime:0.0088s ]
SQL: SELECT * FROM `user` WHERE `id` = 1 LIMIT 1   [ RunTime:0.0024s ]
SQL: SELECT COUNT(*) AS tp_count FROM `user` WHERE `username` LIKE '%%' LIMIT 1   [ RunTime:0.0015s ]
SQL: SELECT * FROM `user` WHERE `username` LIKE '%%' LIMIT 0,10   [ RunTime:0.0017s ]
INFO: [ view_parse ] --START--
INFO: [ template_filter ] --START--
INFO: Run Behavior\ContentReplaceBehavior [ RunTime:0.000046s ]
INFO: [ template_filter ] --END-- [ RunTime:0.000078s ]
NOTIC: [8] Undefined variable: num D:\project\php\house\Application\Runtime\Cache\Home\091b7bb6d47d453e638e7dd92829fced.php 第 124 行.
NOTIC: [8] Undefined variable: num D:\project\php\house\Application\Runtime\Cache\Home\091b7bb6d47d453e638e7dd92829fced.php 第 124 行.
NOTIC: [8] Undefined variable: num D:\project\php\house\Application\Runtime\Cache\Home\091b7bb6d47d453e638e7dd92829fced.php 第 124 行.
NOTIC: [8] Undefined variable: num D:\project\php\house\Application\Runtime\Cache\Home\091b7bb6d47d453e638e7dd92829fced.php 第 124 行.
NOTIC: [8] Undefined variable: num D:\project\php\house\Application\Runtime\Cache\Home\091b7bb6d47d453e638e7dd92829fced.php 第 124 行.
NOTIC: [8] Undefined variable: num D:\project\php\house\Application\Runtime\Cache\Home\091b7bb6d47d453e638e7dd92829fced.php 第 124 行.
NOTIC: [8] Undefined variable: num D:\project\php\house\Application\Runtime\Cache\Home\091b7bb6d47d453e638e7dd92829fced.php 第 124 行.
NOTIC: [8] Undefined variable: num D:\project\php\house\Application\Runtime\Cache\Home\091b7bb6d47d453e638e7dd92829fced.php 第 124 行.
NOTIC: [8] Undefined variable: num D:\project\php\house\Application\Runtime\Cache\Home\091b7bb6d47d453e638e7dd92829fced.php 第 124 行.
NOTIC: [8] Undefined variable: num D:\project\php\house\Application\Runtime\Cache\Home\091b7bb6d47d453e638e7dd92829fced.php 第 124 行.
INFO: Run Behavior\ParseTemplateBehavior [ RunTime:0.007895s ]
INFO: [ view_parse ] --END-- [ RunTime:0.007934s ]
INFO: [ view_filter ] --START--
INFO: Run Behavior\WriteHtmlCacheBehavior [ RunTime:0.000324s ]
INFO: [ view_filter ] --END-- [ RunTime:0.000397s ]
INFO: [ app_end ] --START--
INFO: Run Behavior\ShowPageTraceBehavior [ RunTime:0.000413s ]
INFO: [ app_end ] --END-- [ RunTime:0.000443s ]

[ 2016-10-30T22:26:20+08:00 ] 127.0.0.1 /Home/User/index.html?username=z
INFO: [ app_init ] --START--
INFO: Run Behavior\BuildLiteBehavior [ RunTime:0.000013s ]
INFO: [ app_init ] --END-- [ RunTime:0.000336s ]
INFO: [ app_begin ] --START--
INFO: Run Behavior\ReadHtmlCacheBehavior [ RunTime:0.000476s ]
INFO: [ app_begin ] --END-- [ RunTime:0.000516s ]
SQL: SHOW COLUMNS FROM `user` [ RunTime:0.0079s ]
SQL: SELECT * FROM `user` WHERE `id` = 1 LIMIT 1   [ RunTime:0.0023s ]
SQL: SELECT COUNT(*) AS tp_count FROM `user` WHERE `username` LIKE '%%' LIMIT 1   [ RunTime:0.0015s ]
SQL: SELECT * FROM `user` WHERE `username` LIKE '%%' LIMIT 0,10   [ RunTime:0.0011s ]
INFO: [ view_parse ] --START--
INFO: [ template_filter ] --START--
INFO: Run Behavior\ContentReplaceBehavior [ RunTime:0.000051s ]
INFO: [ template_filter ] --END-- [ RunTime:0.000090s ]
NOTIC: [8] Undefined variable: num D:\project\php\house\Application\Runtime\Cache\Home\091b7bb6d47d453e638e7dd92829fced.php 第 124 行.
NOTIC: [8] Undefined variable: num D:\project\php\house\Application\Runtime\Cache\Home\091b7bb6d47d453e638e7dd92829fced.php 第 124 行.
NOTIC: [8] Undefined variable: num D:\project\php\house\Application\Runtime\Cache\Home\091b7bb6d47d453e638e7dd92829fced.php 第 124 行.
NOTIC: [8] Undefined variable: num D:\project\php\house\Application\Runtime\Cache\Home\091b7bb6d47d453e638e7dd92829fced.php 第 124 行.
NOTIC: [8] Undefined variable: num D:\project\php\house\Application\Runtime\Cache\Home\091b7bb6d47d453e638e7dd92829fced.php 第 124 行.
NOTIC: [8] Undefined variable: num D:\project\php\house\Application\Runtime\Cache\Home\091b7bb6d47d453e638e7dd92829fced.php 第 124 行.
NOTIC: [8] Undefined variable: num D:\project\php\house\Application\Runtime\Cache\Home\091b7bb6d47d453e638e7dd92829fced.php 第 124 行.
NOTIC: [8] Undefined variable: num D:\project\php\house\Application\Runtime\Cache\Home\091b7bb6d47d453e638e7dd92829fced.php 第 124 行.
NOTIC: [8] Undefined variable: num D:\project\php\house\Application\Runtime\Cache\Home\091b7bb6d47d453e638e7dd92829fced.php 第 124 行.
NOTIC: [8] Undefined variable: num D:\project\php\house\Application\Runtime\Cache\Home\091b7bb6d47d453e638e7dd92829fced.php 第 124 行.
INFO: Run Behavior\ParseTemplateBehavior [ RunTime:0.008127s ]
INFO: [ view_parse ] --END-- [ RunTime:0.008163s ]
INFO: [ view_filter ] --START--
INFO: Run Behavior\WriteHtmlCacheBehavior [ RunTime:0.000323s ]
INFO: [ view_filter ] --END-- [ RunTime:0.000351s ]
INFO: [ app_end ] --START--
INFO: Run Behavior\ShowPageTraceBehavior [ RunTime:0.000474s ]
INFO: [ app_end ] --END-- [ RunTime:0.000506s ]

[ 2016-10-30T22:26:26+08:00 ] 127.0.0.1 /Home/User/index.html?username=z
INFO: [ app_init ] --START--
INFO: Run Behavior\BuildLiteBehavior [ RunTime:0.000020s ]
INFO: [ app_init ] --END-- [ RunTime:0.000404s ]
INFO: [ app_begin ] --START--
INFO: Run Behavior\ReadHtmlCacheBehavior [ RunTime:0.000467s ]
INFO: [ app_begin ] --END-- [ RunTime:0.000510s ]
SQL: SHOW COLUMNS FROM `user` [ RunTime:0.0071s ]
SQL: SELECT * FROM `user` WHERE `id` = 1 LIMIT 1   [ RunTime:0.0036s ]
SQL: SELECT COUNT(*) AS tp_count FROM `user` WHERE `username` LIKE '%%' LIMIT 1   [ RunTime:0.0020s ]
SQL: SELECT * FROM `user` WHERE `username` LIKE '%%' LIMIT 0,10   [ RunTime:0.0016s ]
INFO: [ view_parse ] --START--
INFO: [ template_filter ] --START--
INFO: Run Behavior\ContentReplaceBehavior [ RunTime:0.000056s ]
INFO: [ template_filter ] --END-- [ RunTime:0.000102s ]
NOTIC: [8] Undefined variable: num D:\project\php\house\Application\Runtime\Cache\Home\091b7bb6d47d453e638e7dd92829fced.php 第 124 行.
NOTIC: [8] Undefined variable: num D:\project\php\house\Application\Runtime\Cache\Home\091b7bb6d47d453e638e7dd92829fced.php 第 124 行.
NOTIC: [8] Undefined variable: num D:\project\php\house\Application\Runtime\Cache\Home\091b7bb6d47d453e638e7dd92829fced.php 第 124 行.
NOTIC: [8] Undefined variable: num D:\project\php\house\Application\Runtime\Cache\Home\091b7bb6d47d453e638e7dd92829fced.php 第 124 行.
NOTIC: [8] Undefined variable: num D:\project\php\house\Application\Runtime\Cache\Home\091b7bb6d47d453e638e7dd92829fced.php 第 124 行.
NOTIC: [8] Undefined variable: num D:\project\php\house\Application\Runtime\Cache\Home\091b7bb6d47d453e638e7dd92829fced.php 第 124 行.
NOTIC: [8] Undefined variable: num D:\project\php\house\Application\Runtime\Cache\Home\091b7bb6d47d453e638e7dd92829fced.php 第 124 行.
NOTIC: [8] Undefined variable: num D:\project\php\house\Application\Runtime\Cache\Home\091b7bb6d47d453e638e7dd92829fced.php 第 124 行.
NOTIC: [8] Undefined variable: num D:\project\php\house\Application\Runtime\Cache\Home\091b7bb6d47d453e638e7dd92829fced.php 第 124 行.
NOTIC: [8] Undefined variable: num D:\project\php\house\Application\Runtime\Cache\Home\091b7bb6d47d453e638e7dd92829fced.php 第 124 行.
INFO: Run Behavior\ParseTemplateBehavior [ RunTime:0.008968s ]
INFO: [ view_parse ] --END-- [ RunTime:0.009004s ]
INFO: [ view_filter ] --START--
INFO: Run Behavior\WriteHtmlCacheBehavior [ RunTime:0.000260s ]
INFO: [ view_filter ] --END-- [ RunTime:0.000287s ]
INFO: [ app_end ] --START--
INFO: Run Behavior\ShowPageTraceBehavior [ RunTime:0.000404s ]
INFO: [ app_end ] --END-- [ RunTime:0.000434s ]

[ 2016-10-30T22:26:58+08:00 ] 127.0.0.1 /Home/User/index.html?username=z
INFO: [ app_init ] --START--
INFO: Run Behavior\BuildLiteBehavior [ RunTime:0.000012s ]
INFO: [ app_init ] --END-- [ RunTime:0.000330s ]
INFO: [ app_begin ] --START--
INFO: Run Behavior\ReadHtmlCacheBehavior [ RunTime:0.000421s ]
INFO: [ app_begin ] --END-- [ RunTime:0.000463s ]
SQL: SHOW COLUMNS FROM `user` [ RunTime:0.0083s ]
SQL: SELECT * FROM `user` WHERE `id` = 1 LIMIT 1   [ RunTime:0.0019s ]
SQL: SELECT COUNT(*) AS tp_count FROM `user` WHERE `username` LIKE '%z%' LIMIT 1   [ RunTime:0.0015s ]
SQL: SELECT * FROM `user` WHERE `username` LIKE '%z%' LIMIT 0,10   [ RunTime:0.0010s ]
INFO: [ view_parse ] --START--
INFO: [ template_filter ] --START--
INFO: Run Behavior\ContentReplaceBehavior [ RunTime:0.000048s ]
INFO: [ template_filter ] --END-- [ RunTime:0.000086s ]
NOTIC: [8] Undefined variable: num D:\project\php\house\Application\Runtime\Cache\Home\091b7bb6d47d453e638e7dd92829fced.php 第 124 行.
NOTIC: [8] Undefined variable: num D:\project\php\house\Application\Runtime\Cache\Home\091b7bb6d47d453e638e7dd92829fced.php 第 124 行.
NOTIC: [8] Undefined variable: num D:\project\php\house\Application\Runtime\Cache\Home\091b7bb6d47d453e638e7dd92829fced.php 第 124 行.
NOTIC: [8] Undefined variable: num D:\project\php\house\Application\Runtime\Cache\Home\091b7bb6d47d453e638e7dd92829fced.php 第 124 行.
NOTIC: [8] Undefined variable: num D:\project\php\house\Application\Runtime\Cache\Home\091b7bb6d47d453e638e7dd92829fced.php 第 124 行.
NOTIC: [8] Undefined variable: num D:\project\php\house\Application\Runtime\Cache\Home\091b7bb6d47d453e638e7dd92829fced.php 第 124 行.
NOTIC: [8] Undefined variable: num D:\project\php\house\Application\Runtime\Cache\Home\091b7bb6d47d453e638e7dd92829fced.php 第 124 行.
NOTIC: [8] Undefined variable: num D:\project\php\house\Application\Runtime\Cache\Home\091b7bb6d47d453e638e7dd92829fced.php 第 124 行.
NOTIC: [8] Undefined variable: num D:\project\php\house\Application\Runtime\Cache\Home\091b7bb6d47d453e638e7dd92829fced.php 第 124 行.
NOTIC: [8] Undefined variable: num D:\project\php\house\Application\Runtime\Cache\Home\091b7bb6d47d453e638e7dd92829fced.php 第 124 行.
INFO: Run Behavior\ParseTemplateBehavior [ RunTime:0.007419s ]
INFO: [ view_parse ] --END-- [ RunTime:0.007453s ]
INFO: [ view_filter ] --START--
INFO: Run Behavior\WriteHtmlCacheBehavior [ RunTime:0.000301s ]
INFO: [ view_filter ] --END-- [ RunTime:0.000328s ]
INFO: [ app_end ] --START--
INFO: Run Behavior\ShowPageTraceBehavior [ RunTime:0.000450s ]
INFO: [ app_end ] --END-- [ RunTime:0.000518s ]

[ 2016-10-30T22:27:02+08:00 ] 127.0.0.1 /Home/User/index/username/z/p/2.html
INFO: [ app_init ] --START--
INFO: Run Behavior\BuildLiteBehavior [ RunTime:0.000010s ]
INFO: [ app_init ] --END-- [ RunTime:0.000564s ]
INFO: [ app_begin ] --START--
INFO: Run Behavior\ReadHtmlCacheBehavior [ RunTime:0.000496s ]
INFO: [ app_begin ] --END-- [ RunTime:0.000558s ]
SQL: SHOW COLUMNS FROM `user` [ RunTime:0.0073s ]
SQL: SELECT * FROM `user` WHERE `id` = 1 LIMIT 1   [ RunTime:0.0017s ]
SQL: SELECT COUNT(*) AS tp_count FROM `user` WHERE `username` LIKE '%z%' LIMIT 1   [ RunTime:0.0014s ]
SQL: SELECT * FROM `user` WHERE `username` LIKE '%z%' LIMIT 10,10   [ RunTime:0.0008s ]
INFO: [ view_parse ] --START--
INFO: [ template_filter ] --START--
INFO: Run Behavior\ContentReplaceBehavior [ RunTime:0.000047s ]
INFO: [ template_filter ] --END-- [ RunTime:0.000083s ]
NOTIC: [8] Undefined variable: num D:\project\php\house\Application\Runtime\Cache\Home\091b7bb6d47d453e638e7dd92829fced.php 第 124 行.
NOTIC: [8] Undefined variable: num D:\project\php\house\Application\Runtime\Cache\Home\091b7bb6d47d453e638e7dd92829fced.php 第 124 行.
NOTIC: [8] Undefined variable: num D:\project\php\house\Application\Runtime\Cache\Home\091b7bb6d47d453e638e7dd92829fced.php 第 124 行.
NOTIC: [8] Undefined variable: num D:\project\php\house\Application\Runtime\Cache\Home\091b7bb6d47d453e638e7dd92829fced.php 第 124 行.
NOTIC: [8] Undefined variable: num D:\project\php\house\Application\Runtime\Cache\Home\091b7bb6d47d453e638e7dd92829fced.php 第 124 行.
NOTIC: [8] Undefined variable: num D:\project\php\house\Application\Runtime\Cache\Home\091b7bb6d47d453e638e7dd92829fced.php 第 124 行.
NOTIC: [8] Undefined variable: num D:\project\php\house\Application\Runtime\Cache\Home\091b7bb6d47d453e638e7dd92829fced.php 第 124 行.
NOTIC: [8] Undefined variable: num D:\project\php\house\Application\Runtime\Cache\Home\091b7bb6d47d453e638e7dd92829fced.php 第 124 行.
NOTIC: [8] Undefined variable: num D:\project\php\house\Application\Runtime\Cache\Home\091b7bb6d47d453e638e7dd92829fced.php 第 124 行.
NOTIC: [8] Undefined variable: num D:\project\php\house\Application\Runtime\Cache\Home\091b7bb6d47d453e638e7dd92829fced.php 第 124 行.
INFO: Run Behavior\ParseTemplateBehavior [ RunTime:0.008031s ]
INFO: [ view_parse ] --END-- [ RunTime:0.008071s ]
INFO: [ view_filter ] --START--
INFO: Run Behavior\WriteHtmlCacheBehavior [ RunTime:0.000166s ]
INFO: [ view_filter ] --END-- [ RunTime:0.000193s ]
INFO: [ app_end ] --START--
INFO: Run Behavior\ShowPageTraceBehavior [ RunTime:0.000329s ]
INFO: [ app_end ] --END-- [ RunTime:0.000357s ]

[ 2016-10-30T22:27:07+08:00 ] 127.0.0.1 /Home/User/index/username/z/p/3.html
INFO: [ app_init ] --START--
INFO: Run Behavior\BuildLiteBehavior [ RunTime:0.000011s ]
INFO: [ app_init ] --END-- [ RunTime:0.000268s ]
INFO: [ app_begin ] --START--
INFO: Run Behavior\ReadHtmlCacheBehavior [ RunTime:0.000368s ]
INFO: [ app_begin ] --END-- [ RunTime:0.000411s ]
SQL: SHOW COLUMNS FROM `user` [ RunTime:0.0073s ]
SQL: SELECT * FROM `user` WHERE `id` = 1 LIMIT 1   [ RunTime:0.0012s ]
SQL: SELECT COUNT(*) AS tp_count FROM `user` WHERE `username` LIKE '%z%' LIMIT 1   [ RunTime:0.0006s ]
SQL: SELECT * FROM `user` WHERE `username` LIKE '%z%' LIMIT 20,10   [ RunTime:0.0007s ]
INFO: [ view_parse ] --START--
INFO: [ template_filter ] --START--
INFO: Run Behavior\ContentReplaceBehavior [ RunTime:0.000088s ]
INFO: [ template_filter ] --END-- [ RunTime:0.000143s ]
NOTIC: [8] Undefined variable: num D:\project\php\house\Application\Runtime\Cache\Home\091b7bb6d47d453e638e7dd92829fced.php 第 124 行.
NOTIC: [8] Undefined variable: num D:\project\php\house\Application\Runtime\Cache\Home\091b7bb6d47d453e638e7dd92829fced.php 第 124 行.
NOTIC: [8] Undefined variable: num D:\project\php\house\Application\Runtime\Cache\Home\091b7bb6d47d453e638e7dd92829fced.php 第 124 行.
NOTIC: [8] Undefined variable: num D:\project\php\house\Application\Runtime\Cache\Home\091b7bb6d47d453e638e7dd92829fced.php 第 124 行.
NOTIC: [8] Undefined variable: num D:\project\php\house\Application\Runtime\Cache\Home\091b7bb6d47d453e638e7dd92829fced.php 第 124 行.
NOTIC: [8] Undefined variable: num D:\project\php\house\Application\Runtime\Cache\Home\091b7bb6d47d453e638e7dd92829fced.php 第 124 行.
NOTIC: [8] Undefined variable: num D:\project\php\house\Application\Runtime\Cache\Home\091b7bb6d47d453e638e7dd92829fced.php 第 124 行.
NOTIC: [8] Undefined variable: num D:\project\php\house\Application\Runtime\Cache\Home\091b7bb6d47d453e638e7dd92829fced.php 第 124 行.
NOTIC: [8] Undefined variable: num D:\project\php\house\Application\Runtime\Cache\Home\091b7bb6d47d453e638e7dd92829fced.php 第 124 行.
NOTIC: [8] Undefined variable: num D:\project\php\house\Application\Runtime\Cache\Home\091b7bb6d47d453e638e7dd92829fced.php 第 124 行.
INFO: Run Behavior\ParseTemplateBehavior [ RunTime:0.007601s ]
INFO: [ view_parse ] --END-- [ RunTime:0.007635s ]
INFO: [ view_filter ] --START--
INFO: Run Behavior\WriteHtmlCacheBehavior [ RunTime:0.000173s ]
INFO: [ view_filter ] --END-- [ RunTime:0.000201s ]
INFO: [ app_end ] --START--
INFO: Run Behavior\ShowPageTraceBehavior [ RunTime:0.000327s ]
INFO: [ app_end ] --END-- [ RunTime:0.000356s ]

[ 2016-10-30T22:27:12+08:00 ] 127.0.0.1 /Home/User/index/username/z/p/4.html
INFO: [ app_init ] --START--
INFO: Run Behavior\BuildLiteBehavior [ RunTime:0.000011s ]
INFO: [ app_init ] --END-- [ RunTime:0.000297s ]
INFO: [ app_begin ] --START--
INFO: Run Behavior\ReadHtmlCacheBehavior [ RunTime:0.000330s ]
INFO: [ app_begin ] --END-- [ RunTime:0.000368s ]
SQL: SHOW COLUMNS FROM `user` [ RunTime:0.0070s ]
SQL: SELECT * FROM `user` WHERE `id` = 1 LIMIT 1   [ RunTime:0.0012s ]
SQL: SELECT COUNT(*) AS tp_count FROM `user` WHERE `username` LIKE '%z%' LIMIT 1   [ RunTime:0.0009s ]
SQL: SELECT * FROM `user` WHERE `username` LIKE '%z%' LIMIT 30,10   [ RunTime:0.0008s ]
INFO: [ view_parse ] --START--
INFO: [ template_filter ] --START--
INFO: Run Behavior\ContentReplaceBehavior [ RunTime:0.000047s ]
INFO: [ template_filter ] --END-- [ RunTime:0.000085s ]
NOTIC: [8] Undefined variable: num D:\project\php\house\Application\Runtime\Cache\Home\091b7bb6d47d453e638e7dd92829fced.php 第 124 行.
NOTIC: [8] Undefined variable: num D:\project\php\house\Application\Runtime\Cache\Home\091b7bb6d47d453e638e7dd92829fced.php 第 124 行.
INFO: Run Behavior\ParseTemplateBehavior [ RunTime:0.007588s ]
INFO: [ view_parse ] --END-- [ RunTime:0.007630s ]
INFO: [ view_filter ] --START--
INFO: Run Behavior\WriteHtmlCacheBehavior [ RunTime:0.000335s ]
INFO: [ view_filter ] --END-- [ RunTime:0.000366s ]
INFO: [ app_end ] --START--
INFO: Run Behavior\ShowPageTraceBehavior [ RunTime:0.000494s ]
INFO: [ app_end ] --END-- [ RunTime:0.000526s ]

